[0131/003250.825:ERROR:process_memory_win.cc(73)] ReadMemory at 0x25d90555be0 of 6656 bytes failed: Only part of a ReadProcessMemory or WriteProcessMemory request was completed. (0x12B)
[0131/003250.829:ERROR:process_snapshot_win.cc(322)] failed to read unloaded module data
[0131/003250.835:ERROR:process_memory_win.cc(73)] ReadMemory at 0x7ff67b8b0000 of 64 bytes failed: Only part of a ReadProcessMemory or WriteProcessMemory request was completed. (0x12B)
[0131/003250.835:WARNING:pe_image_reader.cc(340)] could not read dos header from C:\Program Files (x86)\Google\Chrome\Application\chrome.exe
[0131/003250.837:ERROR:process_memory_win.cc(73)] ReadMemory at 0x7fffab5bf000 of 16 bytes failed: Only part of a ReadProcessMemory or WriteProcessMemory request was completed. (0x12B)
[0131/003252.390:WARNING:pe_image_resource_reader.cc(241)] could not read resource directory from C:\WINDOWS\SYSTEM32\ntdll.dll resources
[0131/003252.390:ERROR:process_memory_win.cc(73)] ReadMemory at 0x7fffab340000 of 64 bytes failed: Only part of a ReadProcessMemory or WriteProcessMemory request was completed. (0x12B)
[0131/003252.390:WARNING:pe_image_reader.cc(340)] could not read dos header from C:\WINDOWS\System32\KERNEL32.DLL
[0131/003252.390:ERROR:process_memory_win.cc(73)] ReadMemory at 0x7fffa9020000 of 64 bytes failed: Only part of a ReadProcessMemory or WriteProcessMemory request was completed. (0x12B)
[0131/003252.390:WARNING:pe_image_reader.cc(340)] could not read dos header from C:\WINDOWS\System32\KERNELBASE.dll
[0131/003252.390:ERROR:process_memory_win.cc(73)] ReadMemory at 0x7fff61c00000 of 64 bytes failed: Only part of a ReadProcessMemory or WriteProcessMemory request was completed. (0x12B)
[0131/003252.390:WARNING:pe_image_reader.cc(340)] could not read dos header from C:\Program Files (x86)\Google\Chrome\Application\79.0.3945.130\chrome_elf.dll
[0131/003252.390:ERROR:process_memory_win.cc(73)] ReadMemory at 0x7fff9ffe0000 of 64 bytes failed: Only part of a ReadProcessMemory or WriteProcessMemory request was completed. (0x12B)
[0131/003252.390:WARNING:pe_image_reader.cc(340)] could not read dos header from C:\WINDOWS\SYSTEM32\VERSION.dll
[0131/003252.390:ERROR:process_memory_win.cc(73)] ReadMemory at 0x7fffaa2e0000 of 64 bytes failed: Only part of a ReadProcessMemory or WriteProcessMemory request was completed. (0x12B)
[0131/003252.390:WARNING:pe_image_reader.cc(340)] could not read dos header from C:\WINDOWS\System32\msvcrt.dll
[0131/003252.391:ERROR:process_memory_win.cc(73)] ReadMemory at 0x7fffa83d0000 of 64 bytes failed: Only part of a ReadProcessMemory or WriteProcessMemory request was completed. (0x12B)
[0131/003252.391:WARNING:pe_image_reader.cc(340)] could not read dos header from C:\WINDOWS\System32\bcryptPrimitives.dll
[0131/003252.391:ERROR:process_memory_win.cc(73)] ReadMemory at 0x7fffab1e0000 of 64 bytes failed: Only part of a ReadProcessMemory or WriteProcessMemory request was completed. (0x12B)
[0131/003252.391:WARNING:pe_image_reader.cc(340)] could not read dos header from C:\WINDOWS\System32\ADVAPI32.dll
[0131/003252.391:ERROR:process_memory_win.cc(73)] ReadMemory at 0x7fffaa550000 of 64 bytes failed: Only part of a ReadProcessMemory or WriteProcessMemory request was completed. (0x12B)
[0131/003252.391:WARNING:pe_image_reader.cc(340)] could not read dos header from C:\WINDOWS\System32\sechost.dll
[0131/003252.391:ERROR:process_memory_win.cc(73)] ReadMemory at 0x7fffaa7f0000 of 64 bytes failed: Only part of a ReadProcessMemory or WriteProcessMemory request was completed. (0x12B)
[0131/003252.391:WARNING:pe_image_reader.cc(340)] could not read dos header from C:\WINDOWS\System32\RPCRT4.dll
[0131/003252.391:ERROR:process_memory_win.cc(73)] ReadMemory at 0x7fff46700000 of 64 bytes failed: Only part of a ReadProcessMemory or WriteProcessMemory request was completed. (0x12B)
[0131/003252.391:WARNING:pe_image_reader.cc(340)] could not read dos header from C:\Program Files (x86)\Google\Chrome\Application\79.0.3945.130\chrome_child.dll
[0131/003252.391:ERROR:process_memory_win.cc(73)] ReadMemory at 0x7fffa9570000 of 64 bytes failed: Only part of a ReadProcessMemory or WriteProcessMemory request was completed. (0x12B)
[0131/003252.391:WARNING:pe_image_reader.cc(340)] could not read dos header from C:\WINDOWS\System32\OLEAUT32.dll
[0131/003252.391:ERROR:process_memory_win.cc(73)] ReadMemory at 0x7fffa9450000 of 64 bytes failed: Only part of a ReadProcessMemory or WriteProcessMemory request was completed. (0x12B)
[0131/003252.391:WARNING:pe_image_reader.cc(340)] could not read dos header from C:\WINDOWS\System32\msvcp_win.dll
[0131/003252.391:ERROR:process_memory_win.cc(73)] ReadMemory at 0x7fffa8f20000 of 64 bytes failed: Only part of a ReadProcessMemory or WriteProcessMemory request was completed. (0x12B)
[0131/003252.391:WARNING:pe_image_reader.cc(340)] could not read dos header from C:\WINDOWS\System32\ucrtbase.dll
[0131/003252.391:ERROR:process_memory_win.cc(73)] ReadMemory at 0x7fffa9e80000 of 64 bytes failed: Only part of a ReadProcessMemory or WriteProcessMemory request was completed. (0x12B)
[0131/003252.392:WARNING:pe_image_reader.cc(340)] could not read dos header from C:\WINDOWS\System32\combase.dll
[0131/003252.392:ERROR:process_memory_win.cc(73)] ReadMemory at 0x7fffaa780000 of 64 bytes failed: Only part of a ReadProcessMemory or WriteProcessMemory request was completed. (0x12B)
[0131/003252.392:WARNING:pe_image_reader.cc(340)] could not read dos header from C:\WINDOWS\System32\WS2_32.dll
[0131/003252.392:ERROR:process_memory_win.cc(73)] ReadMemory at 0x7fffa8ec0000 of 64 bytes failed: Only part of a ReadProcessMemory or WriteProcessMemory request was completed. (0x12B)
[0131/003252.392:WARNING:pe_image_reader.cc(340)] could not read dos header from C:\WINDOWS\System32\WINTRUST.dll
[0131/003252.392:ERROR:process_memory_win.cc(73)] ReadMemory at 0x7fffa8340000 of 64 bytes failed: Only part of a ReadProcessMemory or WriteProcessMemory request was completed. (0x12B)
[0131/003252.392:WARNING:pe_image_reader.cc(340)] could not read dos header from C:\WINDOWS\System32\MSASN1.dll
[0131/003252.392:ERROR:process_memory_win.cc(73)] ReadMemory at 0x7fffa9300000 of 64 bytes failed: Only part of a ReadProcessMemory or WriteProcessMemory request was completed. (0x12B)
[0131/003252.392:WARNING:pe_image_reader.cc(340)] could not read dos header from C:\WINDOWS\System32\CRYPT32.dll
[0131/003252.392:ERROR:process_memory_win.cc(73)] ReadMemory at 0x7fffa77f0000 of 64 bytes failed: Only part of a ReadProcessMemory or WriteProcessMemory request was completed. (0x12B)
[0131/003252.392:WARNING:pe_image_reader.cc(340)] could not read dos header from C:\WINDOWS\SYSTEM32\IPHLPAPI.DLL
[0131/003252.392:ERROR:process_memory_win.cc(73)] ReadMemory at 0x7fffa49c0000 of 64 bytes failed: Only part of a ReadProcessMemory or WriteProcessMemory request was completed. (0x12B)
[0131/003252.392:WARNING:pe_image_reader.cc(340)] could not read dos header from C:\WINDOWS\SYSTEM32\WINMM.dll
[0131/003252.392:ERROR:process_memory_win.cc(73)] ReadMemory at 0x7fffa8230000 of 64 bytes failed: Only part of a ReadProcessMemory or WriteProcessMemory request was completed. (0x12B)
[0131/003252.392:WARNING:pe_image_reader.cc(340)] could not read dos header from C:\WINDOWS\SYSTEM32\USERENV.dll
[0131/003252.392:ERROR:process_memory_win.cc(73)] ReadMemory at 0x7fffa83b0000 of 64 bytes failed: Only part of a ReadProcessMemory or WriteProcessMemory request was completed. (0x12B)
[0131/003252.392:WARNING:pe_image_reader.cc(340)] could not read dos header from C:\WINDOWS\System32\profapi.dll
[0131/003252.392:ERROR:process_memory_win.cc(73)] ReadMemory at 0x7fff8e7a0000 of 64 bytes failed: Only part of a ReadProcessMemory or WriteProcessMemory request was completed. (0x12B)
[0131/003252.392:WARNING:pe_image_reader.cc(340)] could not read dos header from C:\WINDOWS\SYSTEM32\DWrite.dll
[0131/003252.393:ERROR:process_memory_win.cc(73)] ReadMemory at 0x7fff8a3b0000 of 64 bytes failed: Only part of a ReadProcessMemory or WriteProcessMemory request was completed. (0x12B)
[0131/003252.393:WARNING:pe_image_reader.cc(340)] could not read dos header from C:\WINDOWS\SYSTEM32\WINSPOOL.DRV
[0131/003252.393:ERROR:process_memory_win.cc(73)] ReadMemory at 0x7fffa8320000 of 64 bytes failed: Only part of a ReadProcessMemory or WriteProcessMemory request was completed. (0x12B)
[0131/003252.393:WARNING:pe_image_reader.cc(340)] could not read dos header from C:\WINDOWS\System32\kernel.appcore.dll
[0131/003252.393:ERROR:process_memory_win.cc(73)] ReadMemory at 0x7fffa92d0000 of 64 bytes failed: Only part of a ReadProcessMemory or WriteProcessMemory request was completed. (0x12B)
[0131/003252.393:WARNING:pe_image_reader.cc(340)] could not read dos header from C:\WINDOWS\System32\bcrypt.dll
[0131/003252.393:ERROR:process_memory_win.cc(73)] ReadMemory at 0x7fff9b050000 of 64 bytes failed: Only part of a ReadProcessMemory or WriteProcessMemory request was completed. (0x12B)
[0131/003252.393:WARNING:pe_image_reader.cc(340)] could not read dos header from C:\WINDOWS\SYSTEM32\dbghelp.dll
[0131/003252.393:ERROR:process_memory_win.cc(73)] ReadMemory at 0x7fff9be70000 of 64 bytes failed: Only part of a ReadProcessMemory or WriteProcessMemory request was completed. (0x12B)
[0131/003252.393:WARNING:pe_image_reader.cc(340)] could not read dos header from C:\WINDOWS\SYSTEM32\Secur32.dll
[0131/003252.393:ERROR:process_memory_win.cc(73)] ReadMemory at 0x7fffa1f30000 of 64 bytes failed: Only part of a ReadProcessMemory or WriteProcessMemory request was completed. (0x12B)
[0131/003252.394:WARNING:pe_image_reader.cc(340)] could not read dos header from C:\WINDOWS\SYSTEM32\WINHTTP.dll
[0131/003252.394:ERROR:process_memory_win.cc(73)] ReadMemory at 0x7fffa0e50000 of 64 bytes failed: Only part of a ReadProcessMemory or WriteProcessMemory request was completed. (0x12B)
[0131/003252.394:WARNING:pe_image_reader.cc(340)] could not read dos header from C:\WINDOWS\SYSTEM32\dhcpcsvc.DLL
[0131/003252.394:ERROR:process_memory_win.cc(73)] ReadMemory at 0x7fffa9640000 of 64 bytes failed: Only part of a ReadProcessMemory or WriteProcessMemory request was completed. (0x12B)
[0131/003252.394:WARNING:pe_image_reader.cc(340)] could not read dos header from C:\WINDOWS\System32\NSI.dll
[0131/003252.394:ERROR:process_memory_win.cc(73)] ReadMemory at 0x7fffa4990000 of 64 bytes failed: Only part of a ReadProcessMemory or WriteProcessMemory request was completed. (0x12B)
[0131/003252.394:WARNING:pe_image_reader.cc(340)] could not read dos header from C:\WINDOWS\SYSTEM32\WINMMBASE.dll
[0131/003252.394:ERROR:process_memory_win.cc(73)] ReadMemory at 0x7fffa84a0000 of 64 bytes failed: Only part of a ReadProcessMemory or WriteProcessMemory request was completed. (0x12B)
[0131/003252.394:WARNING:pe_image_reader.cc(340)] could not read dos header from C:\WINDOWS\System32\cfgmgr32.dll
[0131/003252.394:ERROR:process_memory_win.cc(73)] ReadMemory at 0x7fffa64f0000 of 64 bytes failed: Only part of a ReadProcessMemory or WriteProcessMemory request was completed. (0x12B)
[0131/003252.394:WARNING:pe_image_reader.cc(340)] could not read dos header from C:\WINDOWS\SYSTEM32\PROPSYS.dll
[0131/003252.394:ERROR:process_memory_win.cc(73)] ReadMemory at 0x7fffaacc0000 of 64 bytes failed: Only part of a ReadProcessMemory or WriteProcessMemory request was completed. (0x12B)
[0131/003252.394:WARNING:pe_image_reader.cc(340)] could not read dos header from C:\WINDOWS\System32\shcore.dll
[0131/003252.394:ERROR:process_memory_win.cc(73)] ReadMemory at 0x7fffa8200000 of 64 bytes failed: Only part of a ReadProcessMemory or WriteProcessMemory request was completed. (0x12B)
[0131/003252.394:WARNING:pe_image_reader.cc(340)] could not read dos header from C:\WINDOWS\SYSTEM32\SSPICLI.DLL
[0131/003252.394:ERROR:process_memory_win.cc(73)] ReadMemory at 0x7fffa7c50000 of 64 bytes failed: Only part of a ReadProcessMemory or WriteProcessMemory request was completed. (0x12B)
[0131/003252.394:WARNING:pe_image_reader.cc(340)] could not read dos header from C:\WINDOWS\SYSTEM32\CRYPTBASE.DLL
[0131/003252.394:ERROR:process_memory_win.cc(73)] ReadMemory at 0x7ff67b8b0000 of 64 bytes failed: Only part of a ReadProcessMemory or WriteProcessMemory request was completed. (0x12B)
[0131/003252.394:WARNING:pe_image_reader.cc(340)] could not read dos header from C:\Program Files (x86)\Google\Chrome\Application\chrome.exe
[0131/003252.395:ERROR:process_memory_win.cc(73)] ReadMemory at 0x7ff67b8b0000 of 64 bytes failed: Only part of a ReadProcessMemory or WriteProcessMemory request was completed. (0x12B)
[0131/003252.395:WARNING:pe_image_reader.cc(340)] could not read dos header from C:\Program Files (x86)\Google\Chrome\Application\chrome.exe
[0131/003252.395:ERROR:process_memory_win.cc(73)] ReadMemory at 0x7fffab440000 of 64 bytes failed: Only part of a ReadProcessMemory or WriteProcessMemory request was completed. (0x12B)
[0131/003252.395:WARNING:pe_image_reader.cc(340)] could not read dos header from C:\WINDOWS\SYSTEM32\ntdll.dll
[0131/003252.396:ERROR:process_memory_win.cc(73)] ReadMemory at 0x7fffab440000 of 64 bytes failed: Only part of a ReadProcessMemory or WriteProcessMemory request was completed. (0x12B)
[0131/003252.396:WARNING:pe_image_reader.cc(340)] could not read dos header from C:\WINDOWS\SYSTEM32\ntdll.dll
[0131/003252.396:ERROR:process_memory_win.cc(73)] ReadMemory at 0x7fffab340000 of 64 bytes failed: Only part of a ReadProcessMemory or WriteProcessMemory request was completed. (0x12B)
[0131/003252.396:WARNING:pe_image_reader.cc(340)] could not read dos header from C:\WINDOWS\System32\KERNEL32.DLL
[0131/003252.396:ERROR:process_memory_win.cc(73)] ReadMemory at 0x7fffab340000 of 64 bytes failed: Only part of a ReadProcessMemory or WriteProcessMemory request was completed. (0x12B)
[0131/003252.396:WARNING:pe_image_reader.cc(340)] could not read dos header from C:\WINDOWS\System32\KERNEL32.DLL
[0131/003252.396:ERROR:process_memory_win.cc(73)] ReadMemory at 0x7fffa9020000 of 64 bytes failed: Only part of a ReadProcessMemory or WriteProcessMemory request was completed. (0x12B)
[0131/003252.396:WARNING:pe_image_reader.cc(340)] could not read dos header from C:\WINDOWS\System32\KERNELBASE.dll
[0131/003252.396:ERROR:process_memory_win.cc(73)] ReadMemory at 0x7fffa9020000 of 64 bytes failed: Only part of a ReadProcessMemory or WriteProcessMemory request was completed. (0x12B)
[0131/003252.396:WARNING:pe_image_reader.cc(340)] could not read dos header from C:\WINDOWS\System32\KERNELBASE.dll
[0131/003252.396:ERROR:process_memory_win.cc(73)] ReadMemory at 0x7fff61c00000 of 64 bytes failed: Only part of a ReadProcessMemory or WriteProcessMemory request was completed. (0x12B)
[0131/003252.396:WARNING:pe_image_reader.cc(340)] could not read dos header from C:\Program Files (x86)\Google\Chrome\Application\79.0.3945.130\chrome_elf.dll
[0131/003252.396:ERROR:process_memory_win.cc(73)] ReadMemory at 0x7fff61c00000 of 64 bytes failed: Only part of a ReadProcessMemory or WriteProcessMemory request was completed. (0x12B)
[0131/003252.396:WARNING:pe_image_reader.cc(340)] could not read dos header from C:\Program Files (x86)\Google\Chrome\Application\79.0.3945.130\chrome_elf.dll
[0131/003252.396:ERROR:process_memory_win.cc(73)] ReadMemory at 0x7fff9ffe0000 of 64 bytes failed: Only part of a ReadProcessMemory or WriteProcessMemory request was completed. (0x12B)
[0131/003252.396:WARNING:pe_image_reader.cc(340)] could not read dos header from C:\WINDOWS\SYSTEM32\VERSION.dll
[0131/003252.397:ERROR:process_memory_win.cc(73)] ReadMemory at 0x7fff9ffe0000 of 64 bytes failed: Only part of a ReadProcessMemory or WriteProcessMemory request was completed. (0x12B)
[0131/003252.397:WARNING:pe_image_reader.cc(340)] could not read dos header from C:\WINDOWS\SYSTEM32\VERSION.dll
[0131/003252.397:ERROR:process_memory_win.cc(73)] ReadMemory at 0x7fffaa2e0000 of 64 bytes failed: Only part of a ReadProcessMemory or WriteProcessMemory request was completed. (0x12B)
[0131/003252.397:WARNING:pe_image_reader.cc(340)] could not read dos header from C:\WINDOWS\System32\msvcrt.dll
[0131/003252.397:ERROR:process_memory_win.cc(73)] ReadMemory at 0x7fffaa2e0000 of 64 bytes failed: Only part of a ReadProcessMemory or WriteProcessMemory request was completed. (0x12B)
[0131/003252.397:WARNING:pe_image_reader.cc(340)] could not read dos header from C:\WINDOWS\System32\msvcrt.dll
[0131/003252.397:ERROR:process_memory_win.cc(73)] ReadMemory at 0x7fffa83d0000 of 64 bytes failed: Only part of a ReadProcessMemory or WriteProcessMemory request was completed. (0x12B)
[0131/003252.397:WARNING:pe_image_reader.cc(340)] could not read dos header from C:\WINDOWS\System32\bcryptPrimitives.dll
[0131/003252.397:ERROR:process_memory_win.cc(73)] ReadMemory at 0x7fffa83d0000 of 64 bytes failed: Only part of a ReadProcessMemory or WriteProcessMemory request was completed. (0x12B)
[0131/003252.397:WARNING:pe_image_reader.cc(340)] could not read dos header from C:\WINDOWS\System32\bcryptPrimitives.dll
[0131/003252.397:ERROR:process_memory_win.cc(73)] ReadMemory at 0x7fffab1e0000 of 64 bytes failed: Only part of a ReadProcessMemory or WriteProcessMemory request was completed. (0x12B)
[0131/003252.397:WARNING:pe_image_reader.cc(340)] could not read dos header from C:\WINDOWS\System32\ADVAPI32.dll
[0131/003252.397:ERROR:process_memory_win.cc(73)] ReadMemory at 0x7fffab1e0000 of 64 bytes failed: Only part of a ReadProcessMemory or WriteProcessMemory request was completed. (0x12B)
[0131/003252.397:WARNING:pe_image_reader.cc(340)] could not read dos header from C:\WINDOWS\System32\ADVAPI32.dll
[0131/003252.398:ERROR:process_memory_win.cc(73)] ReadMemory at 0x7fffaa550000 of 64 bytes failed: Only part of a ReadProcessMemory or WriteProcessMemory request was completed. (0x12B)
[0131/003252.398:WARNING:pe_image_reader.cc(340)] could not read dos header from C:\WINDOWS\System32\sechost.dll
[0131/003252.398:ERROR:process_memory_win.cc(73)] ReadMemory at 0x7fffaa550000 of 64 bytes failed: Only part of a ReadProcessMemory or WriteProcessMemory request was completed. (0x12B)
[0131/003252.398:WARNING:pe_image_reader.cc(340)] could not read dos header from C:\WINDOWS\System32\sechost.dll
[0131/003252.398:ERROR:process_memory_win.cc(73)] ReadMemory at 0x7fffaa7f0000 of 64 bytes failed: Only part of a ReadProcessMemory or WriteProcessMemory request was completed. (0x12B)
[0131/003252.398:WARNING:pe_image_reader.cc(340)] could not read dos header from C:\WINDOWS\System32\RPCRT4.dll
[0131/003252.398:ERROR:process_memory_win.cc(73)] ReadMemory at 0x7fffaa7f0000 of 64 bytes failed: Only part of a ReadProcessMemory or WriteProcessMemory request was completed. (0x12B)
[0131/003252.398:WARNING:pe_image_reader.cc(340)] could not read dos header from C:\WINDOWS\System32\RPCRT4.dll
[0131/003252.398:ERROR:process_memory_win.cc(73)] ReadMemory at 0x7fff46700000 of 64 bytes failed: Only part of a ReadProcessMemory or WriteProcessMemory request was completed. (0x12B)
[0131/003252.398:WARNING:pe_image_reader.cc(340)] could not read dos header from C:\Program Files (x86)\Google\Chrome\Application\79.0.3945.130\chrome_child.dll
[0131/003252.398:ERROR:process_memory_win.cc(73)] ReadMemory at 0x7fff46700000 of 64 bytes failed: Only part of a ReadProcessMemory or WriteProcessMemory request was completed. (0x12B)
[0131/003252.398:WARNING:pe_image_reader.cc(340)] could not read dos header from C:\Program Files (x86)\Google\Chrome\Application\79.0.3945.130\chrome_child.dll
[0131/003252.398:ERROR:process_memory_win.cc(73)] ReadMemory at 0x7fffa9570000 of 64 bytes failed: Only part of a ReadProcessMemory or WriteProcessMemory request was completed. (0x12B)
[0131/003252.398:WARNING:pe_image_reader.cc(340)] could not read dos header from C:\WINDOWS\System32\OLEAUT32.dll
[0131/003252.398:ERROR:process_memory_win.cc(73)] ReadMemory at 0x7fffa9570000 of 64 bytes failed: Only part of a ReadProcessMemory or WriteProcessMemory request was completed. (0x12B)
[0131/003252.398:WARNING:pe_image_reader.cc(340)] could not read dos header from C:\WINDOWS\System32\OLEAUT32.dll
[0131/003252.398:ERROR:process_memory_win.cc(73)] ReadMemory at 0x7fffa9450000 of 64 bytes failed: Only part of a ReadProcessMemory or WriteProcessMemory request was completed. (0x12B)
[0131/003252.398:WARNING:pe_image_reader.cc(340)] could not read dos header from C:\WINDOWS\System32\msvcp_win.dll
[0131/003252.399:ERROR:process_memory_win.cc(73)] ReadMemory at 0x7fffa9450000 of 64 bytes failed: Only part of a ReadProcessMemory or WriteProcessMemory request was completed. (0x12B)
[0131/003252.399:WARNING:pe_image_reader.cc(340)] could not read dos header from C:\WINDOWS\System32\msvcp_win.dll
[0131/003252.399:ERROR:process_memory_win.cc(73)] ReadMemory at 0x7fffa8f20000 of 64 bytes failed: Only part of a ReadProcessMemory or WriteProcessMemory request was completed. (0x12B)
[0131/003252.399:WARNING:pe_image_reader.cc(340)] could not read dos header from C:\WINDOWS\System32\ucrtbase.dll
[0131/003252.399:ERROR:process_memory_win.cc(73)] ReadMemory at 0x7fffa8f20000 of 64 bytes failed: Only part of a ReadProcessMemory or WriteProcessMemory request was completed. (0x12B)
[0131/003252.399:WARNING:pe_image_reader.cc(340)] could not read dos header from C:\WINDOWS\System32\ucrtbase.dll
[0131/003252.399:ERROR:process_memory_win.cc(73)] ReadMemory at 0x7fffa9e80000 of 64 bytes failed: Only part of a ReadProcessMemory or WriteProcessMemory request was completed. (0x12B)
[0131/003252.399:WARNING:pe_image_reader.cc(340)] could not read dos header from C:\WINDOWS\System32\combase.dll
[0131/003252.399:ERROR:process_memory_win.cc(73)] ReadMemory at 0x7fffa9e80000 of 64 bytes failed: Only part of a ReadProcessMemory or WriteProcessMemory request was completed. (0x12B)
[0131/003252.399:WARNING:pe_image_reader.cc(340)] could not read dos header from C:\WINDOWS\System32\combase.dll
[0131/003252.399:ERROR:process_memory_win.cc(73)] ReadMemory at 0x7fffaa780000 of 64 bytes failed: Only part of a ReadProcessMemory or WriteProcessMemory request was completed. (0x12B)
[0131/003252.399:WARNING:pe_image_reader.cc(340)] could not read dos header from C:\WINDOWS\System32\WS2_32.dll
[0131/003252.399:ERROR:process_memory_win.cc(73)] ReadMemory at 0x7fffaa780000 of 64 bytes failed: Only part of a ReadProcessMemory or WriteProcessMemory request was completed. (0x12B)
[0131/003252.399:WARNING:pe_image_reader.cc(340)] could not read dos header from C:\WINDOWS\System32\WS2_32.dll
[0131/003252.399:ERROR:process_memory_win.cc(73)] ReadMemory at 0x7fffa8ec0000 of 64 bytes failed: Only part of a ReadProcessMemory or WriteProcessMemory request was completed. (0x12B)
[0131/003252.399:WARNING:pe_image_reader.cc(340)] could not read dos header from C:\WINDOWS\System32\WINTRUST.dll
[0131/003252.399:ERROR:process_memory_win.cc(73)] ReadMemory at 0x7fffa8ec0000 of 64 bytes failed: Only part of a ReadProcessMemory or WriteProcessMemory request was completed. (0x12B)
[0131/003252.399:WARNING:pe_image_reader.cc(340)] could not read dos header from C:\WINDOWS\System32\WINTRUST.dll
[0131/003252.400:ERROR:process_memory_win.cc(73)] ReadMemory at 0x7fffa8340000 of 64 bytes failed: Only part of a ReadProcessMemory or WriteProcessMemory request was completed. (0x12B)
[0131/003252.400:WARNING:pe_image_reader.cc(340)] could not read dos header from C:\WINDOWS\System32\MSASN1.dll
[0131/003252.400:ERROR:process_memory_win.cc(73)] ReadMemory at 0x7fffa8340000 of 64 bytes failed: Only part of a ReadProcessMemory or WriteProcessMemory request was completed. (0x12B)
[0131/003252.400:WARNING:pe_image_reader.cc(340)] could not read dos header from C:\WINDOWS\System32\MSASN1.dll
[0131/003252.400:ERROR:process_memory_win.cc(73)] ReadMemory at 0x7fffa9300000 of 64 bytes failed: Only part of a ReadProcessMemory or WriteProcessMemory request was completed. (0x12B)
[0131/003252.400:WARNING:pe_image_reader.cc(340)] could not read dos header from C:\WINDOWS\System32\CRYPT32.dll
[0131/003252.400:ERROR:process_memory_win.cc(73)] ReadMemory at 0x7fffa9300000 of 64 bytes failed: Only part of a ReadProcessMemory or WriteProcessMemory request was completed. (0x12B)
[0131/003252.400:WARNING:pe_image_reader.cc(340)] could not read dos header from C:\WINDOWS\System32\CRYPT32.dll
[0131/003252.400:ERROR:process_memory_win.cc(73)] ReadMemory at 0x7fffa77f0000 of 64 bytes failed: Only part of a ReadProcessMemory or WriteProcessMemory request was completed. (0x12B)
[0131/003252.400:WARNING:pe_image_reader.cc(340)] could not read dos header from C:\WINDOWS\SYSTEM32\IPHLPAPI.DLL
[0131/003252.400:ERROR:process_memory_win.cc(73)] ReadMemory at 0x7fffa77f0000 of 64 bytes failed: Only part of a ReadProcessMemory or WriteProcessMemory request was completed. (0x12B)
[0131/003252.400:WARNING:pe_image_reader.cc(340)] could not read dos header from C:\WINDOWS\SYSTEM32\IPHLPAPI.DLL
[0131/003252.400:ERROR:process_memory_win.cc(73)] ReadMemory at 0x7fffa49c0000 of 64 bytes failed: Only part of a ReadProcessMemory or WriteProcessMemory request was completed. (0x12B)
[0131/003252.400:WARNING:pe_image_reader.cc(340)] could not read dos header from C:\WINDOWS\SYSTEM32\WINMM.dll
[0131/003252.400:ERROR:process_memory_win.cc(73)] ReadMemory at 0x7fffa49c0000 of 64 bytes failed: Only part of a ReadProcessMemory or WriteProcessMemory request was completed. (0x12B)
[0131/003252.400:WARNING:pe_image_reader.cc(340)] could not read dos header from C:\WINDOWS\SYSTEM32\WINMM.dll
[0131/003252.401:ERROR:process_memory_win.cc(73)] ReadMemory at 0x7fffa8230000 of 64 bytes failed: Only part of a ReadProcessMemory or WriteProcessMemory request was completed. (0x12B)
[0131/003252.401:WARNING:pe_image_reader.cc(340)] could not read dos header from C:\WINDOWS\SYSTEM32\USERENV.dll
[0131/003252.401:ERROR:process_memory_win.cc(73)] ReadMemory at 0x7fffa8230000 of 64 bytes failed: Only part of a ReadProcessMemory or WriteProcessMemory request was completed. (0x12B)
[0131/003252.401:WARNING:pe_image_reader.cc(340)] could not read dos header from C:\WINDOWS\SYSTEM32\USERENV.dll
[0131/003252.401:ERROR:process_memory_win.cc(73)] ReadMemory at 0x7fffa83b0000 of 64 bytes failed: Only part of a ReadProcessMemory or WriteProcessMemory request was completed. (0x12B)
[0131/003252.401:WARNING:pe_image_reader.cc(340)] could not read dos header from C:\WINDOWS\System32\profapi.dll
[0131/003252.401:ERROR:process_memory_win.cc(73)] ReadMemory at 0x7fffa83b0000 of 64 bytes failed: Only part of a ReadProcessMemory or WriteProcessMemory request was completed. (0x12B)
[0131/003252.401:WARNING:pe_image_reader.cc(340)] could not read dos header from C:\WINDOWS\System32\profapi.dll
[0131/003252.401:ERROR:process_memory_win.cc(73)] ReadMemory at 0x7fff8e7a0000 of 64 bytes failed: Only part of a ReadProcessMemory or WriteProcessMemory request was completed. (0x12B)
[0131/003252.401:WARNING:pe_image_reader.cc(340)] could not read dos header from C:\WINDOWS\SYSTEM32\DWrite.dll
[0131/003252.401:ERROR:process_memory_win.cc(73)] ReadMemory at 0x7fff8e7a0000 of 64 bytes failed: Only part of a ReadProcessMemory or WriteProcessMemory request was completed. (0x12B)
[0131/003252.401:WARNING:pe_image_reader.cc(340)] could not read dos header from C:\WINDOWS\SYSTEM32\DWrite.dll
[0131/003252.401:ERROR:process_memory_win.cc(73)] ReadMemory at 0x7fff8a3b0000 of 64 bytes failed: Only part of a ReadProcessMemory or WriteProcessMemory request was completed. (0x12B)
[0131/003252.401:WARNING:pe_image_reader.cc(340)] could not read dos header from C:\WINDOWS\SYSTEM32\WINSPOOL.DRV
[0131/003252.401:ERROR:process_memory_win.cc(73)] ReadMemory at 0x7fff8a3b0000 of 64 bytes failed: Only part of a ReadProcessMemory or WriteProcessMemory request was completed. (0x12B)
[0131/003252.401:WARNING:pe_image_reader.cc(340)] could not read dos header from C:\WINDOWS\SYSTEM32\WINSPOOL.DRV
[0131/003252.401:ERROR:process_memory_win.cc(73)] ReadMemory at 0x7fffa8320000 of 64 bytes failed: Only part of a ReadProcessMemory or WriteProcessMemory request was completed. (0x12B)
[0131/003252.401:WARNING:pe_image_reader.cc(340)] could not read dos header from C:\WINDOWS\System32\kernel.appcore.dll
[0131/003252.402:ERROR:process_memory_win.cc(73)] ReadMemory at 0x7fffa8320000 of 64 bytes failed: Only part of a ReadProcessMemory or WriteProcessMemory request was completed. (0x12B)
[0131/003252.402:WARNING:pe_image_reader.cc(340)] could not read dos header from C:\WINDOWS\System32\kernel.appcore.dll
[0131/003252.402:ERROR:process_memory_win.cc(73)] ReadMemory at 0x7fffa92d0000 of 64 bytes failed: Only part of a ReadProcessMemory or WriteProcessMemory request was completed. (0x12B)
[0131/003252.402:WARNING:pe_image_reader.cc(340)] could not read dos header from C:\WINDOWS\System32\bcrypt.dll
[0131/003252.402:ERROR:process_memory_win.cc(73)] ReadMemory at 0x7fffa92d0000 of 64 bytes failed: Only part of a ReadProcessMemory or WriteProcessMemory request was completed. (0x12B)
[0131/003252.402:WARNING:pe_image_reader.cc(340)] could not read dos header from C:\WINDOWS\System32\bcrypt.dll
[0131/003252.402:ERROR:process_memory_win.cc(73)] ReadMemory at 0x7fff9b050000 of 64 bytes failed: Only part of a ReadProcessMemory or WriteProcessMemory request was completed. (0x12B)
[0131/003252.402:WARNING:pe_image_reader.cc(340)] could not read dos header from C:\WINDOWS\SYSTEM32\dbghelp.dll
[0131/003252.402:ERROR:process_memory_win.cc(73)] ReadMemory at 0x7fff9b050000 of 64 bytes failed: Only part of a ReadProcessMemory or WriteProcessMemory request was completed. (0x12B)
[0131/003252.402:WARNING:pe_image_reader.cc(340)] could not read dos header from C:\WINDOWS\SYSTEM32\dbghelp.dll
[0131/003252.402:ERROR:process_memory_win.cc(73)] ReadMemory at 0x7fff9be70000 of 64 bytes failed: Only part of a ReadProcessMemory or WriteProcessMemory request was completed. (0x12B)
[0131/003252.402:WARNING:pe_image_reader.cc(340)] could not read dos header from C:\WINDOWS\SYSTEM32\Secur32.dll
[0131/003252.402:ERROR:process_memory_win.cc(73)] ReadMemory at 0x7fff9be70000 of 64 bytes failed: Only part of a ReadProcessMemory or WriteProcessMemory request was completed. (0x12B)
[0131/003252.402:WARNING:pe_image_reader.cc(340)] could not read dos header from C:\WINDOWS\SYSTEM32\Secur32.dll
[0131/003252.402:ERROR:process_memory_win.cc(73)] ReadMemory at 0x7fffa1f30000 of 64 bytes failed: Only part of a ReadProcessMemory or WriteProcessMemory request was completed. (0x12B)
[0131/003252.402:WARNING:pe_image_reader.cc(340)] could not read dos header from C:\WINDOWS\SYSTEM32\WINHTTP.dll
[0131/003252.402:ERROR:process_memory_win.cc(73)] ReadMemory at 0x7fffa1f30000 of 64 bytes failed: Only part of a ReadProcessMemory or WriteProcessMemory request was completed. (0x12B)
[0131/003252.402:WARNING:pe_image_reader.cc(340)] could not read dos header from C:\WINDOWS\SYSTEM32\WINHTTP.dll
[0131/003252.403:ERROR:process_memory_win.cc(73)] ReadMemory at 0x7fffa0e50000 of 64 bytes failed: Only part of a ReadProcessMemory or WriteProcessMemory request was completed. (0x12B)
[0131/003252.403:WARNING:pe_image_reader.cc(340)] could not read dos header from C:\WINDOWS\SYSTEM32\dhcpcsvc.DLL
[0131/003252.403:ERROR:process_memory_win.cc(73)] ReadMemory at 0x7fffa0e50000 of 64 bytes failed: Only part of a ReadProcessMemory or WriteProcessMemory request was completed. (0x12B)
[0131/003252.403:WARNING:pe_image_reader.cc(340)] could not read dos header from C:\WINDOWS\SYSTEM32\dhcpcsvc.DLL
[0131/003252.403:ERROR:process_memory_win.cc(73)] ReadMemory at 0x7fffa9640000 of 64 bytes failed: Only part of a ReadProcessMemory or WriteProcessMemory request was completed. (0x12B)
[0131/003252.403:WARNING:pe_image_reader.cc(340)] could not read dos header from C:\WINDOWS\System32\NSI.dll
[0131/003252.403:ERROR:process_memory_win.cc(73)] ReadMemory at 0x7fffa9640000 of 64 bytes failed: Only part of a ReadProcessMemory or WriteProcessMemory request was completed. (0x12B)
[0131/003252.403:WARNING:pe_image_reader.cc(340)] could not read dos header from C:\WINDOWS\System32\NSI.dll
[0131/003252.403:ERROR:process_memory_win.cc(73)] ReadMemory at 0x7fffa4990000 of 64 bytes failed: Only part of a ReadProcessMemory or WriteProcessMemory request was completed. (0x12B)
[0131/003252.403:WARNING:pe_image_reader.cc(340)] could not read dos header from C:\WINDOWS\SYSTEM32\WINMMBASE.dll
[0131/003252.403:ERROR:process_memory_win.cc(73)] ReadMemory at 0x7fffa4990000 of 64 bytes failed: Only part of a ReadProcessMemory or WriteProcessMemory request was completed. (0x12B)
[0131/003252.403:WARNING:pe_image_reader.cc(340)] could not read dos header from C:\WINDOWS\SYSTEM32\WINMMBASE.dll
[0131/003252.403:ERROR:process_memory_win.cc(73)] ReadMemory at 0x7fffa84a0000 of 64 bytes failed: Only part of a ReadProcessMemory or WriteProcessMemory request was completed. (0x12B)
[0131/003252.403:WARNING:pe_image_reader.cc(340)] could not read dos header from C:\WINDOWS\System32\cfgmgr32.dll
[0131/003252.403:ERROR:process_memory_win.cc(73)] ReadMemory at 0x7fffa84a0000 of 64 bytes failed: Only part of a ReadProcessMemory or WriteProcessMemory request was completed. (0x12B)
[0131/003252.403:WARNING:pe_image_reader.cc(340)] could not read dos header from C:\WINDOWS\System32\cfgmgr32.dll
[0131/003252.404:ERROR:process_memory_win.cc(73)] ReadMemory at 0x7fffa64f0000 of 64 bytes failed: Only part of a ReadProcessMemory or WriteProcessMemory request was completed. (0x12B)
[0131/003252.404:WARNING:pe_image_reader.cc(340)] could not read dos header from C:\WINDOWS\SYSTEM32\PROPSYS.dll
[0131/003252.404:ERROR:process_memory_win.cc(73)] ReadMemory at 0x7fffa64f0000 of 64 bytes failed: Only part of a ReadProcessMemory or WriteProcessMemory request was completed. (0x12B)
[0131/003252.404:WARNING:pe_image_reader.cc(340)] could not read dos header from C:\WINDOWS\SYSTEM32\PROPSYS.dll
[0131/003252.404:ERROR:process_memory_win.cc(73)] ReadMemory at 0x7fffaacc0000 of 64 bytes failed: Only part of a ReadProcessMemory or WriteProcessMemory request was completed. (0x12B)
[0131/003252.404:WARNING:pe_image_reader.cc(340)] could not read dos header from C:\WINDOWS\System32\shcore.dll
[0131/003252.404:ERROR:process_memory_win.cc(73)] ReadMemory at 0x7fffaacc0000 of 64 bytes failed: Only part of a ReadProcessMemory or WriteProcessMemory request was completed. (0x12B)
[0131/003252.404:WARNING:pe_image_reader.cc(340)] could not read dos header from C:\WINDOWS\System32\shcore.dll
[0131/003252.404:ERROR:process_memory_win.cc(73)] ReadMemory at 0x7fffa8200000 of 64 bytes failed: Only part of a ReadProcessMemory or WriteProcessMemory request was completed. (0x12B)
[0131/003252.404:WARNING:pe_image_reader.cc(340)] could not read dos header from C:\WINDOWS\SYSTEM32\SSPICLI.DLL
[0131/003252.404:ERROR:process_memory_win.cc(73)] ReadMemory at 0x7fffa8200000 of 64 bytes failed: Only part of a ReadProcessMemory or WriteProcessMemory request was completed. (0x12B)
[0131/003252.404:WARNING:pe_image_reader.cc(340)] could not read dos header from C:\WINDOWS\SYSTEM32\SSPICLI.DLL
[0131/003252.404:ERROR:process_memory_win.cc(73)] ReadMemory at 0x7fffa7c50000 of 64 bytes failed: Only part of a ReadProcessMemory or WriteProcessMemory request was completed. (0x12B)
[0131/003252.404:WARNING:pe_image_reader.cc(340)] could not read dos header from C:\WINDOWS\SYSTEM32\CRYPTBASE.DLL
[0131/003252.404:ERROR:process_memory_win.cc(73)] ReadMemory at 0x7fffa7c50000 of 64 bytes failed: Only part of a ReadProcessMemory or WriteProcessMemory request was completed. (0x12B)
[0131/003252.404:WARNING:pe_image_reader.cc(340)] could not read dos header from C:\WINDOWS\SYSTEM32\CRYPTBASE.DLL
[0131/003252.458:ERROR:process_memory_win.cc(73)] ReadMemory at 0x7ff67b8b0000 of 64 bytes failed: Only part of a ReadProcessMemory or WriteProcessMemory request was completed. (0x12B)
[0131/003252.458:WARNING:pe_image_reader.cc(340)] could not read dos header from C:\Program Files (x86)\Google\Chrome\Application\chrome.exe
[0131/003252.458:ERROR:process_memory_win.cc(73)] ReadMemory at 0x7fffab440000 of 64 bytes failed: Only part of a ReadProcessMemory or WriteProcessMemory request was completed. (0x12B)
[0131/003252.458:WARNING:pe_image_reader.cc(340)] could not read dos header from C:\WINDOWS\SYSTEM32\ntdll.dll
[0131/003252.458:ERROR:process_memory_win.cc(73)] ReadMemory at 0x7fffab340000 of 64 bytes failed: Only part of a ReadProcessMemory or WriteProcessMemory request was completed. (0x12B)
[0131/003252.458:WARNING:pe_image_reader.cc(340)] could not read dos header from C:\WINDOWS\System32\KERNEL32.DLL
[0131/003252.458:ERROR:process_memory_win.cc(73)] ReadMemory at 0x7fffa9020000 of 64 bytes failed: Only part of a ReadProcessMemory or WriteProcessMemory request was completed. (0x12B)
[0131/003252.458:WARNING:pe_image_reader.cc(340)] could not read dos header from C:\WINDOWS\System32\KERNELBASE.dll
[0131/003252.459:ERROR:process_memory_win.cc(73)] ReadMemory at 0x7fff61c00000 of 64 bytes failed: Only part of a ReadProcessMemory or WriteProcessMemory request was completed. (0x12B)
[0131/003252.459:WARNING:pe_image_reader.cc(340)] could not read dos header from C:\Program Files (x86)\Google\Chrome\Application\79.0.3945.130\chrome_elf.dll
[0131/003252.459:ERROR:process_memory_win.cc(73)] ReadMemory at 0x7fff9ffe0000 of 64 bytes failed: Only part of a ReadProcessMemory or WriteProcessMemory request was completed. (0x12B)
[0131/003252.459:WARNING:pe_image_reader.cc(340)] could not read dos header from C:\WINDOWS\SYSTEM32\VERSION.dll
[0131/003252.459:ERROR:process_memory_win.cc(73)] ReadMemory at 0x7fffaa2e0000 of 64 bytes failed: Only part of a ReadProcessMemory or WriteProcessMemory request was completed. (0x12B)
[0131/003252.459:WARNING:pe_image_reader.cc(340)] could not read dos header from C:\WINDOWS\System32\msvcrt.dll
[0131/003252.459:ERROR:process_memory_win.cc(73)] ReadMemory at 0x7fffa83d0000 of 64 bytes failed: Only part of a ReadProcessMemory or WriteProcessMemory request was completed. (0x12B)
[0131/003252.459:WARNING:pe_image_reader.cc(340)] could not read dos header from C:\WINDOWS\System32\bcryptPrimitives.dll
[0131/003252.459:ERROR:process_memory_win.cc(73)] ReadMemory at 0x7fffab1e0000 of 64 bytes failed: Only part of a ReadProcessMemory or WriteProcessMemory request was completed. (0x12B)
[0131/003252.459:WARNING:pe_image_reader.cc(340)] could not read dos header from C:\WINDOWS\System32\ADVAPI32.dll
[0131/003252.459:ERROR:process_memory_win.cc(73)] ReadMemory at 0x7fffaa550000 of 64 bytes failed: Only part of a ReadProcessMemory or WriteProcessMemory request was completed. (0x12B)
[0131/003252.459:WARNING:pe_image_reader.cc(340)] could not read dos header from C:\WINDOWS\System32\sechost.dll
[0131/003252.459:ERROR:process_memory_win.cc(73)] ReadMemory at 0x7fffaa7f0000 of 64 bytes failed: Only part of a ReadProcessMemory or WriteProcessMemory request was completed. (0x12B)
[0131/003252.459:WARNING:pe_image_reader.cc(340)] could not read dos header from C:\WINDOWS\System32\RPCRT4.dll
[0131/003252.459:ERROR:process_memory_win.cc(73)] ReadMemory at 0x7fff46700000 of 64 bytes failed: Only part of a ReadProcessMemory or WriteProcessMemory request was completed. (0x12B)
[0131/003252.459:WARNING:pe_image_reader.cc(340)] could not read dos header from C:\Program Files (x86)\Google\Chrome\Application\79.0.3945.130\chrome_child.dll
[0131/003252.460:ERROR:process_memory_win.cc(73)] ReadMemory at 0x7fffa9570000 of 64 bytes failed: Only part of a ReadProcessMemory or WriteProcessMemory request was completed. (0x12B)
[0131/003252.460:WARNING:pe_image_reader.cc(340)] could not read dos header from C:\WINDOWS\System32\OLEAUT32.dll
[0131/003252.460:ERROR:process_memory_win.cc(73)] ReadMemory at 0x7fffa9450000 of 64 bytes failed: Only part of a ReadProcessMemory or WriteProcessMemory request was completed. (0x12B)
[0131/003252.460:WARNING:pe_image_reader.cc(340)] could not read dos header from C:\WINDOWS\System32\msvcp_win.dll
[0131/003252.460:ERROR:process_memory_win.cc(73)] ReadMemory at 0x7fffa8f20000 of 64 bytes failed: Only part of a ReadProcessMemory or WriteProcessMemory request was completed. (0x12B)
[0131/003252.460:WARNING:pe_image_reader.cc(340)] could not read dos header from C:\WINDOWS\System32\ucrtbase.dll
[0131/003252.460:ERROR:process_memory_win.cc(73)] ReadMemory at 0x7fffa9e80000 of 64 bytes failed: Only part of a ReadProcessMemory or WriteProcessMemory request was completed. (0x12B)
[0131/003252.460:WARNING:pe_image_reader.cc(340)] could not read dos header from C:\WINDOWS\System32\combase.dll
[0131/003252.460:ERROR:process_memory_win.cc(73)] ReadMemory at 0x7fffaa780000 of 64 bytes failed: Only part of a ReadProcessMemory or WriteProcessMemory request was completed. (0x12B)
[0131/003252.460:WARNING:pe_image_reader.cc(340)] could not read dos header from C:\WINDOWS\System32\WS2_32.dll
[0131/003252.460:ERROR:process_memory_win.cc(73)] ReadMemory at 0x7fffa8ec0000 of 64 bytes failed: Only part of a ReadProcessMemory or WriteProcessMemory request was completed. (0x12B)
[0131/003252.460:WARNING:pe_image_reader.cc(340)] could not read dos header from C:\WINDOWS\System32\WINTRUST.dll
[0131/003252.460:ERROR:process_memory_win.cc(73)] ReadMemory at 0x7fffa8340000 of 64 bytes failed: Only part of a ReadProcessMemory or WriteProcessMemory request was completed. (0x12B)
[0131/003252.460:WARNING:pe_image_reader.cc(340)] could not read dos header from C:\WINDOWS\System32\MSASN1.dll
[0131/003252.460:ERROR:process_memory_win.cc(73)] ReadMemory at 0x7fffa9300000 of 64 bytes failed: Only part of a ReadProcessMemory or WriteProcessMemory request was completed. (0x12B)
[0131/003252.460:WARNING:pe_image_reader.cc(340)] could not read dos header from C:\WINDOWS\System32\CRYPT32.dll
[0131/003252.460:ERROR:process_memory_win.cc(73)] ReadMemory at 0x7fffa77f0000 of 64 bytes failed: Only part of a ReadProcessMemory or WriteProcessMemory request was completed. (0x12B)
[0131/003252.460:WARNING:pe_image_reader.cc(340)] could not read dos header from C:\WINDOWS\SYSTEM32\IPHLPAPI.DLL
[0131/003252.460:ERROR:process_memory_win.cc(73)] ReadMemory at 0x7fffa49c0000 of 64 bytes failed: Only part of a ReadProcessMemory or WriteProcessMemory request was completed. (0x12B)
[0131/003252.460:WARNING:pe_image_reader.cc(340)] could not read dos header from C:\WINDOWS\SYSTEM32\WINMM.dll
[0131/003252.460:ERROR:process_memory_win.cc(73)] ReadMemory at 0x7fffa8230000 of 64 bytes failed: Only part of a ReadProcessMemory or WriteProcessMemory request was completed. (0x12B)
[0131/003252.460:WARNING:pe_image_reader.cc(340)] could not read dos header from C:\WINDOWS\SYSTEM32\USERENV.dll
[0131/003252.461:ERROR:process_memory_win.cc(73)] ReadMemory at 0x7fffa83b0000 of 64 bytes failed: Only part of a ReadProcessMemory or WriteProcessMemory request was completed. (0x12B)
[0131/003252.461:WARNING:pe_image_reader.cc(340)] could not read dos header from C:\WINDOWS\System32\profapi.dll
[0131/003252.461:ERROR:process_memory_win.cc(73)] ReadMemory at 0x7fff8e7a0000 of 64 bytes failed: Only part of a ReadProcessMemory or WriteProcessMemory request was completed. (0x12B)
[0131/003252.461:WARNING:pe_image_reader.cc(340)] could not read dos header from C:\WINDOWS\SYSTEM32\DWrite.dll
[0131/003252.461:ERROR:process_memory_win.cc(73)] ReadMemory at 0x7fff8a3b0000 of 64 bytes failed: Only part of a ReadProcessMemory or WriteProcessMemory request was completed. (0x12B)
[0131/003252.461:WARNING:pe_image_reader.cc(340)] could not read dos header from C:\WINDOWS\SYSTEM32\WINSPOOL.DRV
[0131/003252.461:ERROR:process_memory_win.cc(73)] ReadMemory at 0x7fffa8320000 of 64 bytes failed: Only part of a ReadProcessMemory or WriteProcessMemory request was completed. (0x12B)
[0131/003252.461:WARNING:pe_image_reader.cc(340)] could not read dos header from C:\WINDOWS\System32\kernel.appcore.dll
[0131/003252.461:ERROR:process_memory_win.cc(73)] ReadMemory at 0x7fffa92d0000 of 64 bytes failed: Only part of a ReadProcessMemory or WriteProcessMemory request was completed. (0x12B)
[0131/003252.461:WARNING:pe_image_reader.cc(340)] could not read dos header from C:\WINDOWS\System32\bcrypt.dll
[0131/003252.461:ERROR:process_memory_win.cc(73)] ReadMemory at 0x7fff9b050000 of 64 bytes failed: Only part of a ReadProcessMemory or WriteProcessMemory request was completed. (0x12B)
[0131/003252.461:WARNING:pe_image_reader.cc(340)] could not read dos header from C:\WINDOWS\SYSTEM32\dbghelp.dll
[0131/003252.461:ERROR:process_memory_win.cc(73)] ReadMemory at 0x7fff9be70000 of 64 bytes failed: Only part of a ReadProcessMemory or WriteProcessMemory request was completed. (0x12B)
[0131/003252.461:WARNING:pe_image_reader.cc(340)] could not read dos header from C:\WINDOWS\SYSTEM32\Secur32.dll
[0131/003252.461:ERROR:process_memory_win.cc(73)] ReadMemory at 0x7fffa1f30000 of 64 bytes failed: Only part of a ReadProcessMemory or WriteProcessMemory request was completed. (0x12B)
[0131/003252.461:WARNING:pe_image_reader.cc(340)] could not read dos header from C:\WINDOWS\SYSTEM32\WINHTTP.dll
[0131/003252.461:ERROR:process_memory_win.cc(73)] ReadMemory at 0x7fffa0e50000 of 64 bytes failed: Only part of a ReadProcessMemory or WriteProcessMemory request was completed. (0x12B)
[0131/003252.461:WARNING:pe_image_reader.cc(340)] could not read dos header from C:\WINDOWS\SYSTEM32\dhcpcsvc.DLL
[0131/003252.461:ERROR:process_memory_win.cc(73)] ReadMemory at 0x7fffa9640000 of 64 bytes failed: Only part of a ReadProcessMemory or WriteProcessMemory request was completed. (0x12B)
[0131/003252.461:WARNING:pe_image_reader.cc(340)] could not read dos header from C:\WINDOWS\System32\NSI.dll
[0131/003252.461:ERROR:process_memory_win.cc(73)] ReadMemory at 0x7fffa4990000 of 64 bytes failed: Only part of a ReadProcessMemory or WriteProcessMemory request was completed. (0x12B)
[0131/003252.461:WARNING:pe_image_reader.cc(340)] could not read dos header from C:\WINDOWS\SYSTEM32\WINMMBASE.dll
[0131/003252.462:ERROR:process_memory_win.cc(73)] ReadMemory at 0x7fffa84a0000 of 64 bytes failed: Only part of a ReadProcessMemory or WriteProcessMemory request was completed. (0x12B)
[0131/003252.462:WARNING:pe_image_reader.cc(340)] could not read dos header from C:\WINDOWS\System32\cfgmgr32.dll
[0131/003252.462:ERROR:process_memory_win.cc(73)] ReadMemory at 0x7fffa64f0000 of 64 bytes failed: Only part of a ReadProcessMemory or WriteProcessMemory request was completed. (0x12B)
[0131/003252.462:WARNING:pe_image_reader.cc(340)] could not read dos header from C:\WINDOWS\SYSTEM32\PROPSYS.dll
[0131/003252.462:ERROR:process_memory_win.cc(73)] ReadMemory at 0x7fffaacc0000 of 64 bytes failed: Only part of a ReadProcessMemory or WriteProcessMemory request was completed. (0x12B)
[0131/003252.462:WARNING:pe_image_reader.cc(340)] could not read dos header from C:\WINDOWS\System32\shcore.dll
[0131/003252.462:ERROR:process_memory_win.cc(73)] ReadMemory at 0x7fffa8200000 of 64 bytes failed: Only part of a ReadProcessMemory or WriteProcessMemory request was completed. (0x12B)
[0131/003252.462:WARNING:pe_image_reader.cc(340)] could not read dos header from C:\WINDOWS\SYSTEM32\SSPICLI.DLL
[0131/003252.462:ERROR:process_memory_win.cc(73)] ReadMemory at 0x7fffa7c50000 of 64 bytes failed: Only part of a ReadProcessMemory or WriteProcessMemory request was completed. (0x12B)
[0131/003252.462:WARNING:pe_image_reader.cc(340)] could not read dos header from C:\WINDOWS\SYSTEM32\CRYPTBASE.DLL
[0131/003252.462:ERROR:process_memory_win.cc(73)] ReadMemory at 0x7ff67b8b0000 of 64 bytes failed: Only part of a ReadProcessMemory or WriteProcessMemory request was completed. (0x12B)
[0131/003252.462:WARNING:pe_image_reader.cc(340)] could not read dos header from C:\Program Files (x86)\Google\Chrome\Application\chrome.exe
[0131/003252.462:ERROR:process_memory_win.cc(73)] ReadMemory at 0x7fffab440000 of 64 bytes failed: Only part of a ReadProcessMemory or WriteProcessMemory request was completed. (0x12B)
[0131/003252.462:WARNING:pe_image_reader.cc(340)] could not read dos header from C:\WINDOWS\SYSTEM32\ntdll.dll
[0131/003252.462:ERROR:process_memory_win.cc(73)] ReadMemory at 0x7fffab340000 of 64 bytes failed: Only part of a ReadProcessMemory or WriteProcessMemory request was completed. (0x12B)
[0131/003252.462:WARNING:pe_image_reader.cc(340)] could not read dos header from C:\WINDOWS\System32\KERNEL32.DLL
[0131/003252.462:ERROR:process_memory_win.cc(73)] ReadMemory at 0x7fffa9020000 of 64 bytes failed: Only part of a ReadProcessMemory or WriteProcessMemory request was completed. (0x12B)
[0131/003252.462:WARNING:pe_image_reader.cc(340)] could not read dos header from C:\WINDOWS\System32\KERNELBASE.dll
[0131/003252.462:ERROR:process_memory_win.cc(73)] ReadMemory at 0x7fff61c00000 of 64 bytes failed: Only part of a ReadProcessMemory or WriteProcessMemory request was completed. (0x12B)
[0131/003252.462:WARNING:pe_image_reader.cc(340)] could not read dos header from C:\Program Files (x86)\Google\Chrome\Application\79.0.3945.130\chrome_elf.dll
[0131/003252.462:ERROR:process_memory_win.cc(73)] ReadMemory at 0x7fff9ffe0000 of 64 bytes failed: Only part of a ReadProcessMemory or WriteProcessMemory request was completed. (0x12B)
[0131/003252.462:WARNING:pe_image_reader.cc(340)] could not read dos header from C:\WINDOWS\SYSTEM32\VERSION.dll
[0131/003252.463:ERROR:process_memory_win.cc(73)] ReadMemory at 0x7fffaa2e0000 of 64 bytes failed: Only part of a ReadProcessMemory or WriteProcessMemory request was completed. (0x12B)
[0131/003252.463:WARNING:pe_image_reader.cc(340)] could not read dos header from C:\WINDOWS\System32\msvcrt.dll
[0131/003252.463:ERROR:process_memory_win.cc(73)] ReadMemory at 0x7fffa83d0000 of 64 bytes failed: Only part of a ReadProcessMemory or WriteProcessMemory request was completed. (0x12B)
[0131/003252.463:WARNING:pe_image_reader.cc(340)] could not read dos header from C:\WINDOWS\System32\bcryptPrimitives.dll
[0131/003252.463:ERROR:process_memory_win.cc(73)] ReadMemory at 0x7fffab1e0000 of 64 bytes failed: Only part of a ReadProcessMemory or WriteProcessMemory request was completed. (0x12B)
[0131/003252.463:WARNING:pe_image_reader.cc(340)] could not read dos header from C:\WINDOWS\System32\ADVAPI32.dll
[0131/003252.463:ERROR:process_memory_win.cc(73)] ReadMemory at 0x7fffaa550000 of 64 bytes failed: Only part of a ReadProcessMemory or WriteProcessMemory request was completed. (0x12B)
[0131/003252.463:WARNING:pe_image_reader.cc(340)] could not read dos header from C:\WINDOWS\System32\sechost.dll
[0131/003252.463:ERROR:process_memory_win.cc(73)] ReadMemory at 0x7fffaa7f0000 of 64 bytes failed: Only part of a ReadProcessMemory or WriteProcessMemory request was completed. (0x12B)
[0131/003252.463:WARNING:pe_image_reader.cc(340)] could not read dos header from C:\WINDOWS\System32\RPCRT4.dll
[0131/003252.463:ERROR:process_memory_win.cc(73)] ReadMemory at 0x7fff46700000 of 64 bytes failed: Only part of a ReadProcessMemory or WriteProcessMemory request was completed. (0x12B)
[0131/003252.463:WARNING:pe_image_reader.cc(340)] could not read dos header from C:\Program Files (x86)\Google\Chrome\Application\79.0.3945.130\chrome_child.dll
[0131/003252.463:ERROR:process_memory_win.cc(73)] ReadMemory at 0x7fffa9570000 of 64 bytes failed: Only part of a ReadProcessMemory or WriteProcessMemory request was completed. (0x12B)
[0131/003252.463:WARNING:pe_image_reader.cc(340)] could not read dos header from C:\WINDOWS\System32\OLEAUT32.dll
[0131/003252.463:ERROR:process_memory_win.cc(73)] ReadMemory at 0x7fffa9450000 of 64 bytes failed: Only part of a ReadProcessMemory or WriteProcessMemory request was completed. (0x12B)
[0131/003252.463:WARNING:pe_image_reader.cc(340)] could not read dos header from C:\WINDOWS\System32\msvcp_win.dll
[0131/003252.463:ERROR:process_memory_win.cc(73)] ReadMemory at 0x7fffa8f20000 of 64 bytes failed: Only part of a ReadProcessMemory or WriteProcessMemory request was completed. (0x12B)
[0131/003252.463:WARNING:pe_image_reader.cc(340)] could not read dos header from C:\WINDOWS\System32\ucrtbase.dll
[0131/003252.463:ERROR:process_memory_win.cc(73)] ReadMemory at 0x7fffa9e80000 of 64 bytes failed: Only part of a ReadProcessMemory or WriteProcessMemory request was completed. (0x12B)
[0131/003252.463:WARNING:pe_image_reader.cc(340)] could not read dos header from C:\WINDOWS\System32\combase.dll
[0131/003252.463:ERROR:process_memory_win.cc(73)] ReadMemory at 0x7fffaa780000 of 64 bytes failed: Only part of a ReadProcessMemory or WriteProcessMemory request was completed. (0x12B)
[0131/003252.463:WARNING:pe_image_reader.cc(340)] could not read dos header from C:\WINDOWS\System32\WS2_32.dll
[0131/003252.463:ERROR:process_memory_win.cc(73)] ReadMemory at 0x7fffa8ec0000 of 64 bytes failed: Only part of a ReadProcessMemory or WriteProcessMemory request was completed. (0x12B)
[0131/003252.464:WARNING:pe_image_reader.cc(340)] could not read dos header from C:\WINDOWS\System32\WINTRUST.dll
[0131/003252.464:ERROR:process_memory_win.cc(73)] ReadMemory at 0x7fffa8340000 of 64 bytes failed: Only part of a ReadProcessMemory or WriteProcessMemory request was completed. (0x12B)
[0131/003252.464:WARNING:pe_image_reader.cc(340)] could not read dos header from C:\WINDOWS\System32\MSASN1.dll
[0131/003252.464:ERROR:process_memory_win.cc(73)] ReadMemory at 0x7fffa9300000 of 64 bytes failed: Only part of a ReadProcessMemory or WriteProcessMemory request was completed. (0x12B)
[0131/003252.464:WARNING:pe_image_reader.cc(340)] could not read dos header from C:\WINDOWS\System32\CRYPT32.dll
[0131/003252.464:ERROR:process_memory_win.cc(73)] ReadMemory at 0x7fffa77f0000 of 64 bytes failed: Only part of a ReadProcessMemory or WriteProcessMemory request was completed. (0x12B)
[0131/003252.464:WARNING:pe_image_reader.cc(340)] could not read dos header from C:\WINDOWS\SYSTEM32\IPHLPAPI.DLL
[0131/003252.464:ERROR:process_memory_win.cc(73)] ReadMemory at 0x7fffa49c0000 of 64 bytes failed: Only part of a ReadProcessMemory or WriteProcessMemory request was completed. (0x12B)
[0131/003252.464:WARNING:pe_image_reader.cc(340)] could not read dos header from C:\WINDOWS\SYSTEM32\WINMM.dll
[0131/003252.464:ERROR:process_memory_win.cc(73)] ReadMemory at 0x7fffa8230000 of 64 bytes failed: Only part of a ReadProcessMemory or WriteProcessMemory request was completed. (0x12B)
[0131/003252.464:WARNING:pe_image_reader.cc(340)] could not read dos header from C:\WINDOWS\SYSTEM32\USERENV.dll
[0131/003252.464:ERROR:process_memory_win.cc(73)] ReadMemory at 0x7fffa83b0000 of 64 bytes failed: Only part of a ReadProcessMemory or WriteProcessMemory request was completed. (0x12B)
[0131/003252.464:WARNING:pe_image_reader.cc(340)] could not read dos header from C:\WINDOWS\System32\profapi.dll
[0131/003252.464:ERROR:process_memory_win.cc(73)] ReadMemory at 0x7fff8e7a0000 of 64 bytes failed: Only part of a ReadProcessMemory or WriteProcessMemory request was completed. (0x12B)
[0131/003252.464:WARNING:pe_image_reader.cc(340)] could not read dos header from C:\WINDOWS\SYSTEM32\DWrite.dll
[0131/003252.464:ERROR:process_memory_win.cc(73)] ReadMemory at 0x7fff8a3b0000 of 64 bytes failed: Only part of a ReadProcessMemory or WriteProcessMemory request was completed. (0x12B)
[0131/003252.464:WARNING:pe_image_reader.cc(340)] could not read dos header from C:\WINDOWS\SYSTEM32\WINSPOOL.DRV
[0131/003252.464:ERROR:process_memory_win.cc(73)] ReadMemory at 0x7fffa8320000 of 64 bytes failed: Only part of a ReadProcessMemory or WriteProcessMemory request was completed. (0x12B)
[0131/003252.464:WARNING:pe_image_reader.cc(340)] could not read dos header from C:\WINDOWS\System32\kernel.appcore.dll
[0131/003252.464:ERROR:process_memory_win.cc(73)] ReadMemory at 0x7fffa92d0000 of 64 bytes failed: Only part of a ReadProcessMemory or WriteProcessMemory request was completed. (0x12B)
[0131/003252.464:WARNING:pe_image_reader.cc(340)] could not read dos header from C:\WINDOWS\System32\bcrypt.dll
[0131/003252.464:ERROR:process_memory_win.cc(73)] ReadMemory at 0x7fff9b050000 of 64 bytes failed: Only part of a ReadProcessMemory or WriteProcessMemory request was completed. (0x12B)
[0131/003252.465:WARNING:pe_image_reader.cc(340)] could not read dos header from C:\WINDOWS\SYSTEM32\dbghelp.dll
[0131/003252.465:ERROR:process_memory_win.cc(73)] ReadMemory at 0x7fff9be70000 of 64 bytes failed: Only part of a ReadProcessMemory or WriteProcessMemory request was completed. (0x12B)
[0131/003252.465:WARNING:pe_image_reader.cc(340)] could not read dos header from C:\WINDOWS\SYSTEM32\Secur32.dll
[0131/003252.465:ERROR:process_memory_win.cc(73)] ReadMemory at 0x7fffa1f30000 of 64 bytes failed: Only part of a ReadProcessMemory or WriteProcessMemory request was completed. (0x12B)
[0131/003252.465:WARNING:pe_image_reader.cc(340)] could not read dos header from C:\WINDOWS\SYSTEM32\WINHTTP.dll
[0131/003252.465:ERROR:process_memory_win.cc(73)] ReadMemory at 0x7fffa0e50000 of 64 bytes failed: Only part of a ReadProcessMemory or WriteProcessMemory request was completed. (0x12B)
[0131/003252.465:WARNING:pe_image_reader.cc(340)] could not read dos header from C:\WINDOWS\SYSTEM32\dhcpcsvc.DLL
[0131/003252.465:ERROR:process_memory_win.cc(73)] ReadMemory at 0x7fffa9640000 of 64 bytes failed: Only part of a ReadProcessMemory or WriteProcessMemory request was completed. (0x12B)
[0131/003252.465:WARNING:pe_image_reader.cc(340)] could not read dos header from C:\WINDOWS\System32\NSI.dll
[0131/003252.465:ERROR:process_memory_win.cc(73)] ReadMemory at 0x7fffa4990000 of 64 bytes failed: Only part of a ReadProcessMemory or WriteProcessMemory request was completed. (0x12B)
[0131/003252.465:WARNING:pe_image_reader.cc(340)] could not read dos header from C:\WINDOWS\SYSTEM32\WINMMBASE.dll
[0131/003252.465:ERROR:process_memory_win.cc(73)] ReadMemory at 0x7fffa84a0000 of 64 bytes failed: Only part of a ReadProcessMemory or WriteProcessMemory request was completed. (0x12B)
[0131/003252.465:WARNING:pe_image_reader.cc(340)] could not read dos header from C:\WINDOWS\System32\cfgmgr32.dll
[0131/003252.465:ERROR:process_memory_win.cc(73)] ReadMemory at 0x7fffa64f0000 of 64 bytes failed: Only part of a ReadProcessMemory or WriteProcessMemory request was completed. (0x12B)
[0131/003252.465:WARNING:pe_image_reader.cc(340)] could not read dos header from C:\WINDOWS\SYSTEM32\PROPSYS.dll
[0131/003252.465:ERROR:process_memory_win.cc(73)] ReadMemory at 0x7fffaacc0000 of 64 bytes failed: Only part of a ReadProcessMemory or WriteProcessMemory request was completed. (0x12B)
[0131/003252.465:WARNING:pe_image_reader.cc(340)] could not read dos header from C:\WINDOWS\System32\shcore.dll
[0131/003252.465:ERROR:process_memory_win.cc(73)] ReadMemory at 0x7fffa8200000 of 64 bytes failed: Only part of a ReadProcessMemory or WriteProcessMemory request was completed. (0x12B)
[0131/003252.465:WARNING:pe_image_reader.cc(340)] could not read dos header from C:\WINDOWS\SYSTEM32\SSPICLI.DLL
[0131/003252.465:ERROR:process_memory_win.cc(73)] ReadMemory at 0x7fffa7c50000 of 64 bytes failed: Only part of a ReadProcessMemory or WriteProcessMemory request was completed. (0x12B)
[0131/003252.465:WARNING:pe_image_reader.cc(340)] could not read dos header from C:\WINDOWS\SYSTEM32\CRYPTBASE.DLL
[0131/003252.475:ERROR:process_memory_win.cc(73)] ReadMemory at 0x6c099f9000 of 28672 bytes failed: Only part of a ReadProcessMemory or WriteProcessMemory request was completed. (0x12B)
[0131/003252.475:ERROR:process_memory_win.cc(73)] ReadMemory at 0x6c0a1fd000 of 12288 bytes failed: Only part of a ReadProcessMemory or WriteProcessMemory request was completed. (0x12B)
[0131/003252.475:ERROR:process_memory_win.cc(73)] ReadMemory at 0x6c0a9fd000 of 12288 bytes failed: Only part of a ReadProcessMemory or WriteProcessMemory request was completed. (0x12B)
[0131/003252.475:ERROR:process_memory_win.cc(73)] ReadMemory at 0x6c0b1fd000 of 12288 bytes failed: Only part of a ReadProcessMemory or WriteProcessMemory request was completed. (0x12B)
[0131/003252.476:ERROR:process_memory_win.cc(73)] ReadMemory at 0x6c0b9fb000 of 20480 bytes failed: Only part of a ReadProcessMemory or WriteProcessMemory request was completed. (0x12B)
[0131/003252.476:ERROR:process_memory_win.cc(73)] ReadMemory at 0x6c0c1fe000 of 8192 bytes failed: Only part of a ReadProcessMemory or WriteProcessMemory request was completed. (0x12B)
[0131/003252.476:ERROR:process_memory_win.cc(73)] ReadMemory at 0x6c0c9fd000 of 12288 bytes failed: Only part of a ReadProcessMemory or WriteProcessMemory request was completed. (0x12B)
[0131/003252.476:ERROR:process_memory_win.cc(73)] ReadMemory at 0x6c0d1fc000 of 16384 bytes failed: Only part of a ReadProcessMemory or WriteProcessMemory request was completed. (0x12B)
[0131/003252.477:ERROR:process_memory_win.cc(73)] ReadMemory at 0x6c0d9fd000 of 12288 bytes failed: Only part of a ReadProcessMemory or WriteProcessMemory request was completed. (0x12B)
[0131/003252.477:ERROR:process_memory_win.cc(73)] ReadMemory at 0x6c0e1fd000 of 12288 bytes failed: Only part of a ReadProcessMemory or WriteProcessMemory request was completed. (0x12B)
[0131/003252.477:ERROR:process_memory_win.cc(73)] ReadMemory at 0x6c0e9fd000 of 12288 bytes failed: Only part of a ReadProcessMemory or WriteProcessMemory request was completed. (0x12B)
[0131/003252.477:ERROR:process_memory_win.cc(73)] ReadMemory at 0x6c0f1fd000 of 12288 bytes failed: Only part of a ReadProcessMemory or WriteProcessMemory request was completed. (0x12B)
[0131/003252.477:ERROR:process_memory_win.cc(73)] ReadMemory at 0x6c0f9fd000 of 12288 bytes failed: Only part of a ReadProcessMemory or WriteProcessMemory request was completed. (0x12B)
[0131/003252.477:ERROR:process_memory_win.cc(73)] ReadMemory at 0x6c101fd000 of 12288 bytes failed: Only part of a ReadProcessMemory or WriteProcessMemory request was completed. (0x12B)
[0131/003252.478:ERROR:process_memory_win.cc(73)] ReadMemory at 0x6c109fd000 of 12288 bytes failed: Only part of a ReadProcessMemory or WriteProcessMemory request was completed. (0x12B)
[0131/003252.478:ERROR:process_memory_win.cc(73)] ReadMemory at 0x6c09031000 of 852 bytes failed: Only part of a ReadProcessMemory or WriteProcessMemory request was completed. (0x12B)
[0131/003252.478:ERROR:process_memory_win.cc(73)] ReadMemory at 0x6c09032000 of 6024 bytes failed: Only part of a ReadProcessMemory or WriteProcessMemory request was completed. (0x12B)
[0131/003252.478:ERROR:process_memory_win.cc(73)] ReadMemory at 0x6c09034000 of 6024 bytes failed: Only part of a ReadProcessMemory or WriteProcessMemory request was completed. (0x12B)
[0131/003252.478:ERROR:process_memory_win.cc(73)] ReadMemory at 0x6c09036000 of 6024 bytes failed: Only part of a ReadProcessMemory or WriteProcessMemory request was completed. (0x12B)
[0131/003252.478:ERROR:process_memory_win.cc(73)] ReadMemory at 0x6c09038000 of 6024 bytes failed: Only part of a ReadProcessMemory or WriteProcessMemory request was completed. (0x12B)
[0131/003252.479:ERROR:process_memory_win.cc(73)] ReadMemory at 0x6c0903a000 of 6024 bytes failed: Only part of a ReadProcessMemory or WriteProcessMemory request was completed. (0x12B)
[0131/003252.479:ERROR:process_memory_win.cc(73)] ReadMemory at 0x6c0903c000 of 6024 bytes failed: Only part of a ReadProcessMemory or WriteProcessMemory request was completed. (0x12B)
[0131/003252.479:ERROR:process_memory_win.cc(73)] ReadMemory at 0x6c0903e000 of 6024 bytes failed: Only part of a ReadProcessMemory or WriteProcessMemory request was completed. (0x12B)
[0131/003252.479:ERROR:process_memory_win.cc(73)] ReadMemory at 0x6c09040000 of 6024 bytes failed: Only part of a ReadProcessMemory or WriteProcessMemory request was completed. (0x12B)
[0131/003252.479:ERROR:process_memory_win.cc(73)] ReadMemory at 0x6c09042000 of 6024 bytes failed: Only part of a ReadProcessMemory or WriteProcessMemory request was completed. (0x12B)
[0131/003252.479:ERROR:process_memory_win.cc(73)] ReadMemory at 0x6c09044000 of 6024 bytes failed: Only part of a ReadProcessMemory or WriteProcessMemory request was completed. (0x12B)
[0131/003252.479:ERROR:process_memory_win.cc(73)] ReadMemory at 0x6c09046000 of 6024 bytes failed: Only part of a ReadProcessMemory or WriteProcessMemory request was completed. (0x12B)
[0131/003252.479:ERROR:process_memory_win.cc(73)] ReadMemory at 0x6c09048000 of 6024 bytes failed: Only part of a ReadProcessMemory or WriteProcessMemory request was completed. (0x12B)
[0131/003252.480:ERROR:process_memory_win.cc(73)] ReadMemory at 0x6c0904a000 of 6024 bytes failed: Only part of a ReadProcessMemory or WriteProcessMemory request was completed. (0x12B)
[0131/003252.480:ERROR:process_memory_win.cc(73)] ReadMemory at 0x6c0904c000 of 6024 bytes failed: Only part of a ReadProcessMemory or WriteProcessMemory request was completed. (0x12B)
[0131/003252.480:ERROR:process_memory_win.cc(73)] ReadMemory at 0x6c0904e000 of 6024 bytes failed: Only part of a ReadProcessMemory or WriteProcessMemory request was completed. (0x12B)
[0131/003252.480:ERROR:process_memory_win.cc(73)] ReadMemory at 0x25d90540750 of 80 bytes failed: Only part of a ReadProcessMemory or WriteProcessMemory request was completed. (0x12B)
[0131/003252.480:ERROR:process_memory_win.cc(73)] ReadMemory at 0x25d90540fe0 of 18282 bytes failed: Only part of a ReadProcessMemory or WriteProcessMemory request was completed. (0x12B)
[0131/003252.480:ERROR:process_memory_win.cc(73)] ReadMemory at 0x25d90545760 of 1012 bytes failed: Only part of a ReadProcessMemory or WriteProcessMemory request was completed. (0x12B)
[0131/003252.480:ERROR:process_memory_win.cc(73)] ReadMemory at 0x25d90545da8 of 118 bytes failed: Only part of a ReadProcessMemory or WriteProcessMemory request was completed. (0x12B)
[0131/003252.481:ERROR:process_memory_win.cc(73)] ReadMemory at 0x25d90545e20 of 866 bytes failed: Only part of a ReadProcessMemory or WriteProcessMemory request was completed. (0x12B)
[0131/003252.481:ERROR:process_memory_win.cc(73)] ReadMemory at 0x25d90546184 of 118 bytes failed: Only part of a ReadProcessMemory or WriteProcessMemory request was completed. (0x12B)
[0131/003252.481:ERROR:process_memory_win.cc(73)] ReadMemory at 0x25d905461fc of 100 bytes failed: Only part of a ReadProcessMemory or WriteProcessMemory request was completed. (0x12B)
[0131/003252.481:ERROR:process_memory_win.cc(73)] ReadMemory at 0x25d90546270 of 58 bytes failed: Only part of a ReadProcessMemory or WriteProcessMemory request was completed. (0x12B)
[0131/003252.481:ERROR:process_memory_win.cc(73)] ReadMemory at 0x25d90546370 of 132 bytes failed: Only part of a ReadProcessMemory or WriteProcessMemory request was completed. (0x12B)
[0131/003252.481:ERROR:process_memory_win.cc(73)] ReadMemory at 0x25d90546500 of 132 bytes failed: Only part of a ReadProcessMemory or WriteProcessMemory request was completed. (0x12B)
[0131/003252.481:ERROR:process_memory_win.cc(73)] ReadMemory at 0x25d905466c0 of 126 bytes failed: Only part of a ReadProcessMemory or WriteProcessMemory request was completed. (0x12B)
[0131/003252.481:ERROR:process_memory_win.cc(73)] ReadMemory at 0x25d90546aa0 of 132 bytes failed: Only part of a ReadProcessMemory or WriteProcessMemory request was completed. (0x12B)
[0131/003252.481:ERROR:process_memory_win.cc(73)] ReadMemory at 0x25d90546c30 of 64 bytes failed: Only part of a ReadProcessMemory or WriteProcessMemory request was completed. (0x12B)
[0131/003252.481:ERROR:process_memory_win.cc(73)] ReadMemory at 0x25d90546c80 of 132 bytes failed: Only part of a ReadProcessMemory or WriteProcessMemory request was completed. (0x12B)
[0131/003252.481:ERROR:process_memory_win.cc(73)] ReadMemory at 0x25d90546df0 of 132 bytes failed: Only part of a ReadProcessMemory or WriteProcessMemory request was completed. (0x12B)
[0131/003252.482:ERROR:process_memory_win.cc(73)] ReadMemory at 0x25d90547090 of 132 bytes failed: Only part of a ReadProcessMemory or WriteProcessMemory request was completed. (0x12B)
[0131/003252.482:ERROR:process_memory_win.cc(73)] ReadMemory at 0x25d90547220 of 68 bytes failed: Only part of a ReadProcessMemory or WriteProcessMemory request was completed. (0x12B)
[0131/003252.482:ERROR:process_memory_win.cc(73)] ReadMemory at 0x25d90548320 of 132 bytes failed: Only part of a ReadProcessMemory or WriteProcessMemory request was completed. (0x12B)
[0131/003252.482:ERROR:process_memory_win.cc(73)] ReadMemory at 0x25d905484b0 of 154 bytes failed: Only part of a ReadProcessMemory or WriteProcessMemory request was completed. (0x12B)
[0131/003252.482:ERROR:process_memory_win.cc(73)] ReadMemory at 0x25d9054927c of 512 bytes failed: Only part of a ReadProcessMemory or WriteProcessMemory request was completed. (0x12B)
[0131/003252.482:ERROR:process_memory_win.cc(73)] ReadMemory at 0x25d90549690 of 132 bytes failed: Only part of a ReadProcessMemory or WriteProcessMemory request was completed. (0x12B)
[0131/003252.482:ERROR:process_memory_win.cc(73)] ReadMemory at 0x25d905497c0 of 132 bytes failed: Only part of a ReadProcessMemory or WriteProcessMemory request was completed. (0x12B)
[0131/003252.482:ERROR:process_memory_win.cc(73)] ReadMemory at 0x25d90549aa0 of 132 bytes failed: Only part of a ReadProcessMemory or WriteProcessMemory request was completed. (0x12B)
[0131/003252.482:ERROR:process_memory_win.cc(73)] ReadMemory at 0x25d9054ab80 of 62 bytes failed: Only part of a ReadProcessMemory or WriteProcessMemory request was completed. (0x12B)
[0131/003252.483:ERROR:process_memory_win.cc(73)] ReadMemory at 0x25d9054ac00 of 158 bytes failed: Only part of a ReadProcessMemory or WriteProcessMemory request was completed. (0x12B)
[0131/003252.483:ERROR:process_memory_win.cc(73)] ReadMemory at 0x25d9054ace0 of 132 bytes failed: Only part of a ReadProcessMemory or WriteProcessMemory request was completed. (0x12B)
[0131/003252.483:ERROR:process_memory_win.cc(73)] ReadMemory at 0x25d9054ae70 of 60 bytes failed: Only part of a ReadProcessMemory or WriteProcessMemory request was completed. (0x12B)
[0131/003252.483:ERROR:process_memory_win.cc(73)] ReadMemory at 0x25d9054afd0 of 132 bytes failed: Only part of a ReadProcessMemory or WriteProcessMemory request was completed. (0x12B)
[0131/003252.483:ERROR:process_memory_win.cc(73)] ReadMemory at 0x25d9054b320 of 132 bytes failed: Only part of a ReadProcessMemory or WriteProcessMemory request was completed. (0x12B)
[0131/003252.483:ERROR:process_memory_win.cc(73)] ReadMemory at 0x25d9054b640 of 132 bytes failed: Only part of a ReadProcessMemory or WriteProcessMemory request was completed. (0x12B)
[0131/003252.483:ERROR:process_memory_win.cc(73)] ReadMemory at 0x25d9054e630 of 64 bytes failed: Only part of a ReadProcessMemory or WriteProcessMemory request was completed. (0x12B)
[0131/003252.483:ERROR:process_memory_win.cc(73)] ReadMemory at 0x25d9054e680 of 62 bytes failed: Only part of a ReadProcessMemory or WriteProcessMemory request was completed. (0x12B)
[0131/003252.483:ERROR:process_memory_win.cc(73)] ReadMemory at 0x25d9054e7c0 of 60 bytes failed: Only part of a ReadProcessMemory or WriteProcessMemory request was completed. (0x12B)
[0131/003252.483:ERROR:process_memory_win.cc(73)] ReadMemory at 0x25d9054e860 of 60 bytes failed: Only part of a ReadProcessMemory or WriteProcessMemory request was completed. (0x12B)
[0131/003252.483:ERROR:process_memory_win.cc(73)] ReadMemory at 0x25d9054e900 of 64 bytes failed: Only part of a ReadProcessMemory or WriteProcessMemory request was completed. (0x12B)
[0131/003252.484:ERROR:process_memory_win.cc(73)] ReadMemory at 0x25d9054e9a0 of 64 bytes failed: Only part of a ReadProcessMemory or WriteProcessMemory request was completed. (0x12B)
[0131/003252.484:ERROR:process_memory_win.cc(73)] ReadMemory at 0x25d9054e9f0 of 62 bytes failed: Only part of a ReadProcessMemory or WriteProcessMemory request was completed. (0x12B)
[0131/003252.484:ERROR:process_memory_win.cc(73)] ReadMemory at 0x25d9054eae0 of 66 bytes failed: Only part of a ReadProcessMemory or WriteProcessMemory request was completed. (0x12B)
[0131/003252.484:ERROR:process_memory_win.cc(73)] ReadMemory at 0x25d9054ec20 of 64 bytes failed: Only part of a ReadProcessMemory or WriteProcessMemory request was completed. (0x12B)
[0131/003252.484:ERROR:process_memory_win.cc(73)] ReadMemory at 0x25d9054f830 of 76 bytes failed: Only part of a ReadProcessMemory or WriteProcessMemory request was completed. (0x12B)
[0131/003252.484:ERROR:process_memory_win.cc(73)] ReadMemory at 0x25d90551d00 of 132 bytes failed: Only part of a ReadProcessMemory or WriteProcessMemory request was completed. (0x12B)
[0131/003252.484:ERROR:process_memory_win.cc(73)] ReadMemory at 0x25d90551e30 of 132 bytes failed: Only part of a ReadProcessMemory or WriteProcessMemory request was completed. (0x12B)
[0131/003252.484:ERROR:process_memory_win.cc(73)] ReadMemory at 0x25d90551f60 of 132 bytes failed: Only part of a ReadProcessMemory or WriteProcessMemory request was completed. (0x12B)
[0131/003252.484:ERROR:process_memory_win.cc(73)] ReadMemory at 0x25d90552090 of 132 bytes failed: Only part of a ReadProcessMemory or WriteProcessMemory request was completed. (0x12B)
[0131/003252.484:ERROR:process_memory_win.cc(73)] ReadMemory at 0x25d905521c0 of 132 bytes failed: Only part of a ReadProcessMemory or WriteProcessMemory request was completed. (0x12B)
[0131/003252.484:ERROR:process_memory_win.cc(73)] ReadMemory at 0x25d905522f0 of 132 bytes failed: Only part of a ReadProcessMemory or WriteProcessMemory request was completed. (0x12B)
[0131/003252.485:ERROR:process_memory_win.cc(73)] ReadMemory at 0x25d90552550 of 132 bytes failed: Only part of a ReadProcessMemory or WriteProcessMemory request was completed. (0x12B)
[0131/003252.485:ERROR:process_memory_win.cc(73)] ReadMemory at 0x25d90552680 of 132 bytes failed: Only part of a ReadProcessMemory or WriteProcessMemory request was completed. (0x12B)
[0131/003252.485:ERROR:process_memory_win.cc(73)] ReadMemory at 0x25d905527b0 of 132 bytes failed: Only part of a ReadProcessMemory or WriteProcessMemory request was completed. (0x12B)
[0131/003252.485:ERROR:process_memory_win.cc(73)] ReadMemory at 0x25d905528e0 of 132 bytes failed: Only part of a ReadProcessMemory or WriteProcessMemory request was completed. (0x12B)
[0131/003252.485:ERROR:process_memory_win.cc(73)] ReadMemory at 0x25d90552a10 of 132 bytes failed: Only part of a ReadProcessMemory or WriteProcessMemory request was completed. (0x12B)
[0131/003252.485:ERROR:process_memory_win.cc(73)] ReadMemory at 0x25d90552b40 of 132 bytes failed: Only part of a ReadProcessMemory or WriteProcessMemory request was completed. (0x12B)
[0131/003252.485:ERROR:process_memory_win.cc(73)] ReadMemory at 0x25d90553ca0 of 132 bytes failed: Only part of a ReadProcessMemory or WriteProcessMemory request was completed. (0x12B)
[0131/003252.485:ERROR:process_memory_win.cc(73)] ReadMemory at 0x25d90553dd0 of 132 bytes failed: Only part of a ReadProcessMemory or WriteProcessMemory request was completed. (0x12B)
[0131/003252.485:ERROR:process_memory_win.cc(73)] ReadMemory at 0x25d90555580 of 132 bytes failed: Only part of a ReadProcessMemory or WriteProcessMemory request was completed. (0x12B)
[0131/003252.485:ERROR:process_memory_win.cc(73)] ReadMemory at 0x25d90558200 of 54 bytes failed: Only part of a ReadProcessMemory or WriteProcessMemory request was completed. (0x12B)
[0131/003252.486:ERROR:process_memory_win.cc(73)] ReadMemory at 0x25d90559fd0 of 60 bytes failed: Only part of a ReadProcessMemory or WriteProcessMemory request was completed. (0x12B)
[0131/003252.486:ERROR:process_memory_win.cc(73)] ReadMemory at 0x25d9055a070 of 64 bytes failed: Only part of a ReadProcessMemory or WriteProcessMemory request was completed. (0x12B)
[0131/003252.486:ERROR:process_memory_win.cc(73)] ReadMemory at 0x25d9055a0c0 of 62 bytes failed: Only part of a ReadProcessMemory or WriteProcessMemory request was completed. (0x12B)
[0131/003252.486:ERROR:process_memory_win.cc(73)] ReadMemory at 0x25d9055a250 of 62 bytes failed: Only part of a ReadProcessMemory or WriteProcessMemory request was completed. (0x12B)
[0131/003252.486:ERROR:process_memory_win.cc(73)] ReadMemory at 0x25d9055a340 of 66 bytes failed: Only part of a ReadProcessMemory or WriteProcessMemory request was completed. (0x12B)
[0131/003252.486:ERROR:process_memory_win.cc(73)] ReadMemory at 0x25d9055a480 of 62 bytes failed: Only part of a ReadProcessMemory or WriteProcessMemory request was completed. (0x12B)
[0131/003252.486:ERROR:process_memory_win.cc(73)] ReadMemory at 0x25d9055a4d0 of 60 bytes failed: Only part of a ReadProcessMemory or WriteProcessMemory request was completed. (0x12B)
[0131/003252.486:ERROR:process_memory_win.cc(73)] ReadMemory at 0x25d9055a520 of 62 bytes failed: Only part of a ReadProcessMemory or WriteProcessMemory request was completed. (0x12B)
[0131/003252.486:ERROR:process_memory_win.cc(73)] ReadMemory at 0x25d9055a700 of 64 bytes failed: Only part of a ReadProcessMemory or WriteProcessMemory request was completed. (0x12B)
[0131/003252.486:ERROR:process_memory_win.cc(73)] ReadMemory at 0x25d9055a750 of 60 bytes failed: Only part of a ReadProcessMemory or WriteProcessMemory request was completed. (0x12B)
[0131/003252.486:ERROR:process_memory_win.cc(73)] ReadMemory at 0x25d9055a890 of 62 bytes failed: Only part of a ReadProcessMemory or WriteProcessMemory request was completed. (0x12B)
[0131/003252.487:ERROR:process_memory_win.cc(73)] ReadMemory at 0x25d9055a8e0 of 64 bytes failed: Only part of a ReadProcessMemory or WriteProcessMemory request was completed. (0x12B)
[0131/003252.487:ERROR:process_memory_win.cc(73)] ReadMemory at 0x25d9055ac00 of 60 bytes failed: Only part of a ReadProcessMemory or WriteProcessMemory request was completed. (0x12B)
[0131/003252.487:ERROR:process_memory_win.cc(73)] ReadMemory at 0x25d9055acf0 of 58 bytes failed: Only part of a ReadProcessMemory or WriteProcessMemory request was completed. (0x12B)
[0131/003252.487:ERROR:process_memory_win.cc(73)] ReadMemory at 0x25d9055ad40 of 62 bytes failed: Only part of a ReadProcessMemory or WriteProcessMemory request was completed. (0x12B)
[0131/003252.487:ERROR:process_memory_win.cc(73)] ReadMemory at 0x25d9055ad90 of 64 bytes failed: Only part of a ReadProcessMemory or WriteProcessMemory request was completed. (0x12B)
[0131/003252.487:ERROR:process_memory_win.cc(73)] ReadMemory at 0x25d9055ade0 of 62 bytes failed: Only part of a ReadProcessMemory or WriteProcessMemory request was completed. (0x12B)
[0131/003252.487:ERROR:process_memory_win.cc(73)] ReadMemory at 0x25d9055ae80 of 62 bytes failed: Only part of a ReadProcessMemory or WriteProcessMemory request was completed. (0x12B)
[0131/003252.487:ERROR:process_memory_win.cc(73)] ReadMemory at 0x25d9055b900 of 512 bytes failed: Only part of a ReadProcessMemory or WriteProcessMemory request was completed. (0x12B)
[0131/003252.487:ERROR:process_memory_win.cc(73)] ReadMemory at 0x25d9055bea0 of 132 bytes failed: Only part of a ReadProcessMemory or WriteProcessMemory request was completed. (0x12B)
[0131/003252.487:ERROR:process_memory_win.cc(73)] ReadMemory at 0x25d9055c360 of 132 bytes failed: Only part of a ReadProcessMemory or WriteProcessMemory request was completed. (0x12B)
[0131/003252.487:ERROR:process_memory_win.cc(73)] ReadMemory at 0x25d9055c490 of 132 bytes failed: Only part of a ReadProcessMemory or WriteProcessMemory request was completed. (0x12B)
[0131/003252.488:ERROR:process_memory_win.cc(73)] ReadMemory at 0x25d9055c5c0 of 132 bytes failed: Only part of a ReadProcessMemory or WriteProcessMemory request was completed. (0x12B)
[0131/003252.488:ERROR:process_memory_win.cc(73)] ReadMemory at 0x25d9055ca80 of 132 bytes failed: Only part of a ReadProcessMemory or WriteProcessMemory request was completed. (0x12B)
[0131/003252.488:ERROR:process_memory_win.cc(73)] ReadMemory at 0x25d9055cbb0 of 132 bytes failed: Only part of a ReadProcessMemory or WriteProcessMemory request was completed. (0x12B)
[0131/003252.488:ERROR:process_memory_win.cc(73)] ReadMemory at 0x25d9055cf40 of 132 bytes failed: Only part of a ReadProcessMemory or WriteProcessMemory request was completed. (0x12B)
[0131/003252.488:ERROR:process_memory_win.cc(73)] ReadMemory at 0x25d9055d1a0 of 132 bytes failed: Only part of a ReadProcessMemory or WriteProcessMemory request was completed. (0x12B)
[0131/003252.488:ERROR:process_memory_win.cc(73)] ReadMemory at 0x25d9055d8c0 of 132 bytes failed: Only part of a ReadProcessMemory or WriteProcessMemory request was completed. (0x12B)
[0131/003252.488:ERROR:process_memory_win.cc(73)] ReadMemory at 0x25d90574210 of 512 bytes failed: Only part of a ReadProcessMemory or WriteProcessMemory request was completed. (0x12B)
[0131/003252.488:ERROR:process_memory_win.cc(73)] ReadMemory at 0x25d90ac0000 of 384 bytes failed: Only part of a ReadProcessMemory or WriteProcessMemory request was completed. (0x12B)
[0131/003252.488:ERROR:process_memory_win.cc(73)] ReadMemory at 0x25d90af0960 of 512 bytes failed: Only part of a ReadProcessMemory or WriteProcessMemory request was completed. (0x12B)
[0131/003252.488:ERROR:process_memory_win.cc(73)] ReadMemory at 0x25d90af0ba0 of 512 bytes failed: Only part of a ReadProcessMemory or WriteProcessMemory request was completed. (0x12B)
[0131/003252.488:ERROR:process_memory_win.cc(73)] ReadMemory at 0x25d90b21dc0 of 512 bytes failed: Only part of a ReadProcessMemory or WriteProcessMemory request was completed. (0x12B)
[0131/003252.489:ERROR:process_memory_win.cc(73)] ReadMemory at 0x25d90b26220 of 512 bytes failed: Only part of a ReadProcessMemory or WriteProcessMemory request was completed. (0x12B)
[0131/003252.489:ERROR:process_memory_win.cc(73)] ReadMemory at 0x25d90b31e40 of 512 bytes failed: Only part of a ReadProcessMemory or WriteProcessMemory request was completed. (0x12B)
[0131/003252.489:ERROR:process_memory_win.cc(73)] ReadMemory at 0x25d90b56170 of 712 bytes failed: Only part of a ReadProcessMemory or WriteProcessMemory request was completed. (0x12B)
[0131/003252.489:ERROR:process_memory_win.cc(73)] ReadMemory at 0x25d929b6778 of 1088 bytes failed: Only part of a ReadProcessMemory or WriteProcessMemory request was completed. (0x12B)
[0131/003252.489:ERROR:process_memory_win.cc(73)] ReadMemory at 0x25d929b72b8 of 656 bytes failed: Only part of a ReadProcessMemory or WriteProcessMemory request was completed. (0x12B)
[0131/003252.489:ERROR:process_memory_win.cc(73)] ReadMemory at 0x25d92a16790 of 512 bytes failed: Only part of a ReadProcessMemory or WriteProcessMemory request was completed. (0x12B)
[0131/003252.489:ERROR:process_memory_win.cc(73)] ReadMemory at 0x25d92a9c5d8 of 512 bytes failed: Only part of a ReadProcessMemory or WriteProcessMemory request was completed. (0x12B)
[0131/003252.489:ERROR:process_memory_win.cc(73)] ReadMemory at 0x25d92ef1c30 of 512 bytes failed: Only part of a ReadProcessMemory or WriteProcessMemory request was completed. (0x12B)
[0131/003252.489:ERROR:process_memory_win.cc(73)] ReadMemory at 0x7fff481bf0ec of 512 bytes failed: Only part of a ReadProcessMemory or WriteProcessMemory request was completed. (0x12B)
[0131/003252.490:ERROR:process_memory_win.cc(73)] ReadMemory at 0x7fff4892e9d8 of 553 bytes failed: Only part of a ReadProcessMemory or WriteProcessMemory request was completed. (0x12B)
[0131/003252.490:ERROR:process_memory_win.cc(73)] ReadMemory at 0x7fff48d0b352 of 512 bytes failed: Only part of a ReadProcessMemory or WriteProcessMemory request was completed. (0x12B)
[0131/003252.490:ERROR:process_memory_win.cc(73)] ReadMemory at 0x7fffa928b6d0 of 512 bytes failed: Only part of a ReadProcessMemory or WriteProcessMemory request was completed. (0x12B)
[0131/003252.490:ERROR:process_memory_win.cc(73)] ReadMemory at 0x7fffab4dc0c4 of 672 bytes failed: Only part of a ReadProcessMemory or WriteProcessMemory request was completed. (0x12B)
[0131/003252.490:ERROR:process_memory_win.cc(73)] ReadMemory at 0x7fffab4dc6c4 of 512 bytes failed: Only part of a ReadProcessMemory or WriteProcessMemory request was completed. (0x12B)
[0131/003252.490:ERROR:process_memory_win.cc(73)] ReadMemory at 0x7fffab4df974 of 608 bytes failed: Only part of a ReadProcessMemory or WriteProcessMemory request was completed. (0x12B)
[0131/003252.490:ERROR:process_memory_win.cc(73)] ReadMemory at 0x7fffab56c428 of 18 bytes failed: Only part of a ReadProcessMemory or WriteProcessMemory request was completed. (0x12B)
[0131/003252.490:ERROR:process_memory_win.cc(73)] ReadMemory at 0x7fffab59f4f8 of 40 bytes failed: Only part of a ReadProcessMemory or WriteProcessMemory request was completed. (0x12B)
[0131/003252.491:ERROR:process_memory_win.cc(73)] ReadMemory at 0x7fffab59f978 of 48 bytes failed: Only part of a ReadProcessMemory or WriteProcessMemory request was completed. (0x12B)
[0131/003252.491:ERROR:process_memory_win.cc(73)] ReadMemory at 0x7fffab5a53c0 of 64 bytes failed: Only part of a ReadProcessMemory or WriteProcessMemory request was completed. (0x12B)
[0131/003252.493:ERROR:scoped_process_suspend.cc(40)] NtResumeProcess: An attempt was made to access an exiting process. (0xc000010a)
[1214/125449.375:ERROR:directory_reader_win.cc(43)] FindFirstFile: The system cannot find the path specified. (0x3)
